[11:45:24.939][info] [#0:/Users/rodrigogarcia/.local/share/nvim/mason/packages/lua-language-server/libexec/main.lua:66]: Lua Lsp startup, root: 	/Users/rodrigogarcia/.local/share/nvim/mason/packages/lua-language-server/libexec
[11:45:24.940][info] [#0:/Users/rodrigogarcia/.local/share/nvim/mason/packages/lua-language-server/libexec/main.lua:67]: ROOT:	/Users/rodrigogarcia/.local/share/nvim/mason/packages/lua-language-server/libexec
[11:45:24.940][info] [#0:/Users/rodrigogarcia/.local/share/nvim/mason/packages/lua-language-server/libexec/main.lua:68]: LOGPATH:	/Users/rodrigogarcia/.local/share/nvim/mason/packages/lua-language-server/libexec/log
[11:45:24.940][info] [#0:/Users/rodrigogarcia/.local/share/nvim/mason/packages/lua-language-server/libexec/main.lua:69]: METAPATH:	/Users/rodrigogarcia/.local/share/nvim/mason/packages/lua-language-server/libexec/meta
[11:45:24.940][info] [#0:/Users/rodrigogarcia/.local/share/nvim/mason/packages/lua-language-server/libexec/main.lua:70]: VERSION:	3.6.23
[11:45:24.964][info] [#0:script/service/service.lua:144]: 
========= Medical Examination Report =========
    --------------- Memory ---------------
        Total: 1.322 MB
        # 00 : 1.322 MB
        # 01 : 0.000 MB
        # 02 : 0.000 MB
        # 03 : 0.000 MB
        # 04 : 0.000 MB
    --------------- Coroutine ---------------
        Total:     0
        Running:   0
        Suspended: 0
        Normal:    0
        Dead:      0
    --------------- Cache ---------------
        Total: 1
        Dead:  0
    ---------------  RPC  ---------------
        Holdon:   0
        Waiting:  0
==============================================
[11:45:24.967][info] [#0:script/client.lua:657]: Client init	{
  capabilities = {
    textDocument = {
      callHierarchy = {
        dynamicRegistration = false
      },
      codeAction = {
        codeActionLiteralSupport = {
          codeActionKind = {
            valueSet = { "", "quickfix", "refactor", "refactor.extract", "refactor.inline", "refactor.rewrite", "source", "source.organizeImports" }
          }
        },
        dataSupport = true,
        dynamicRegistration = false,
        isPreferredSupport = true,
        resolveSupport = {
          properties = { "edit" }
        }
      },
      completion = {
        completionItem = {
          commitCharactersSupport = true,
          deprecatedSupport = true,
          documentationFormat = { "markdown", "plaintext" },
          insertReplaceSupport = true,
          labelDetailsSupport = true,
          preselectSupport = true,
          resolveSupport = {
            properties = { "documentation", "detail", "additionalTextEdits" }
          },
          snippetSupport = true,
          tagSupport = {
            valueSet = { 1 }
          }
        },
        completionItemKind = {
          valueSet = { 1, 2, 3, 4, 5, 6, 7, 8, 9, 10, 11, 12, 13, 14, 15, 16, 17, 18, 19, 20, 21, 22, 23, 24, 25 }
        },
        contextSupport = false,
        dynamicRegistration = false
      },
      declaration = {
        linkSupport = true
      },
      definition = {
        linkSupport = true
      },
      documentHighlight = {
        dynamicRegistration = false
      },
      documentSymbol = {
        dynamicRegistration = false,
        hierarchicalDocumentSymbolSupport = true,
        symbolKind = {
          valueSet = { 1, 2, 3, 4, 5, 6, 7, 8, 9, 10, 11, 12, 13, 14, 15, 16, 17, 18, 19, 20, 21, 22, 23, 24, 25, 26 }
        }
      },
      hover = {
        contentFormat = { "markdown", "plaintext" },
        dynamicRegistration = false
      },
      implementation = {
        linkSupport = true
      },
      publishDiagnostics = {
        relatedInformation = true,
        tagSupport = {
          valueSet = { 1, 2 }
        }
      },
      references = {
        dynamicRegistration = false
      },
      rename = {
        dynamicRegistration = false,
        prepareSupport = true
      },
      semanticTokens = {
        augmentsSyntaxTokens = true,
        dynamicRegistration = false,
        formats = { "relative" },
        multilineTokenSupport = false,
        overlappingTokenSupport = true,
        requests = {
          full = {
            delta = true
          },
          range = false
        },
        serverCancelSupport = false,
        tokenModifiers = { "declaration", "definition", "readonly", "static", "deprecated", "abstract", "async", "modification", "documentation", "defaultLibrary" },
        tokenTypes = { "namespace", "type", "class", "enum", "interface", "struct", "typeParameter", "parameter", "variable", "property", "enumMember", "event", "function", "method", "macro", "keyword", "modifier", "comment", "string", "number", "regexp", "operator", "decorator" }
      },
      signatureHelp = {
        dynamicRegistration = false,
        signatureInformation = {
          activeParameterSupport = true,
          documentationFormat = { "markdown", "plaintext" },
          parameterInformation = {
            labelOffsetSupport = true
          }
        }
      },
      synchronization = {
        didSave = true,
        dynamicRegistration = false,
        willSave = true,
        willSaveWaitUntil = true
      },
      typeDefinition = {
        linkSupport = true
      }
    },
    window = {
      showDocument = {
        support = true
      },
      showMessage = {
        messageActionItem = {
          additionalPropertiesSupport = false
        }
      },
      workDoneProgress = true
    },
    workspace = {
      applyEdit = true,
      configuration = true,
      didChangeWatchedFiles = {
        dynamicRegistration = false,
        relativePatternSupport = true
      },
      semanticTokens = {
        refreshSupport = true
      },
      symbol = {
        dynamicRegistration = false,
        hierarchicalWorkspaceSymbolSupport = true,
        symbolKind = {
          valueSet = { 1, 2, 3, 4, 5, 6, 7, 8, 9, 10, 11, 12, 13, 14, 15, 16, 17, 18, 19, 20, 21, 22, 23, 24, 25, 26 }
        }
      },
      workspaceEdit = {
        resourceOperations = { "rename", "create", "delete" }
      },
      workspaceFolders = true
    }
  },
  clientInfo = {
    name = "Neovim",
    version = "0.9.4"
  },
  initializationOptions = {},
  processId = 73161,
  rootPath = "/Users/rodrigogarcia/.local/share/chezmoi/private_dot_config/nvim/lua/",
  rootUri = "file:///Users/rodrigogarcia/.local/share/chezmoi/private_dot_config/nvim/lua/",
  trace = "off",
  workspaceFolders = { {
      name = "/Users/rodrigogarcia/.local/share/chezmoi/private_dot_config/nvim/lua/",
      uri = "file:///Users/rodrigogarcia/.local/share/chezmoi/private_dot_config/nvim/lua/"
    } }
}
[11:45:24.968][info] [#0:script/language.lua:137]: VSC language: nil
[11:45:24.968][info] [#0:script/language.lua:138]: LS  language: en-us
[11:45:24.968][info] [#0:script/workspace/workspace.lua:38]: Workspace init root: 	file:///Users/rodrigogarcia/.local/share/chezmoi/private_dot_config/nvim/lua/
[11:45:24.968][info] [#0:script/workspace/workspace.lua:42]: Log path: 	/Users/rodrigogarcia/.local/share/nvim/mason/packages/lua-language-server/libexec/log/file_Users_rodrigogarcia_.local_share_chezmoi_private_dot_config_nvim_lua_.log
[11:45:24.968][info] [#0:script/workspace/workspace.lua:48]: Workspace create: 	file:///Users/rodrigogarcia/.local/share/chezmoi/private_dot_config/nvim/lua/
[11:45:25.075][info] [#0:script/provider/provider.lua:46]: Load config from client	file:///Users/rodrigogarcia/.local/share/chezmoi/private_dot_config/nvim/lua/
[11:45:25.075][info] [#0:script/provider/provider.lua:47]: {
  Lua = {
    diagnostics = {
      globals = { "vim" }
    },
    workspace = {
      library = {
        ["/Users/rodrigogarcia/.local/share/nvim/lazy/lazy.nvim/lua/lazy"] = true,
        ["/Users/rodrigogarcia/.local/share/nvim/lazy/ui/nvchad_types"] = true,
        ["/opt/homebrew/Cellar/neovim/0.9.4/share/nvim/runtime/lua"] = true,
        ["/opt/homebrew/Cellar/neovim/0.9.4/share/nvim/runtime/lua/vim/lsp"] = true
      },
      maxPreload = 100000,
      preloadFileSize = 10000
    }
  }
}
[11:45:25.075][info] [#0:script/provider/provider.lua:46]: Load config from client	file:///Users/rodrigogarcia/.local/share/chezmoi/private_dot_config/nvim/lua/
[11:45:25.075][info] [#0:script/provider/provider.lua:47]: {
  Lua = {
    diagnostics = {
      globals = { "vim" }
    },
    workspace = {
      library = {
        ["/Users/rodrigogarcia/.local/share/nvim/lazy/lazy.nvim/lua/lazy"] = true,
        ["/Users/rodrigogarcia/.local/share/nvim/lazy/ui/nvchad_types"] = true,
        ["/opt/homebrew/Cellar/neovim/0.9.4/share/nvim/runtime/lua"] = true,
        ["/opt/homebrew/Cellar/neovim/0.9.4/share/nvim/runtime/lua/vim/lsp"] = true
      },
      maxPreload = 100000,
      preloadFileSize = 10000
    }
  }
}
[11:45:25.075][info] [#0:script/provider/provider.lua:46]: Load config from client	file:///Users/rodrigogarcia/.local/share/chezmoi/private_dot_config/nvim/lua/
[11:45:25.075][info] [#0:script/provider/provider.lua:47]: {
  Lua = {
    diagnostics = {
      globals = { "vim" }
    },
    workspace = {
      library = {
        ["/Users/rodrigogarcia/.local/share/nvim/lazy/lazy.nvim/lua/lazy"] = true,
        ["/Users/rodrigogarcia/.local/share/nvim/lazy/ui/nvchad_types"] = true,
        ["/opt/homebrew/Cellar/neovim/0.9.4/share/nvim/runtime/lua"] = true,
        ["/opt/homebrew/Cellar/neovim/0.9.4/share/nvim/runtime/lua/vim/lsp"] = true
      },
      maxPreload = 100000,
      preloadFileSize = 10000
    }
  }
}
[11:45:25.176][info] [#0:script/provider/provider.lua:61]: Load config from client	fallback
[11:45:25.176][info] [#0:script/provider/provider.lua:62]: {
  Lua = {
    diagnostics = {
      globals = { "vim" }
    },
    workspace = {
      library = {
        ["/Users/rodrigogarcia/.local/share/nvim/lazy/lazy.nvim/lua/lazy"] = true,
        ["/Users/rodrigogarcia/.local/share/nvim/lazy/ui/nvchad_types"] = true,
        ["/opt/homebrew/Cellar/neovim/0.9.4/share/nvim/runtime/lua"] = true,
        ["/opt/homebrew/Cellar/neovim/0.9.4/share/nvim/runtime/lua/vim/lsp"] = true
      },
      maxPreload = 100000,
      preloadFileSize = 10000
    }
  }
}
[11:45:25.177][info] [#0:script/library.lua:212]: Init builtin library at:	file:///Users/rodrigogarcia/.local/share/chezmoi/private_dot_config/nvim/lua/
[11:45:25.206][info] [#0:script/plugin.lua:86]: plugin path:	/Users/rodrigogarcia/.local/share/chezmoi/private_dot_config/nvim/lua
[11:45:25.206][warn] [#0:script/plugin.lua:101]: plugin not found:	/Users/rodrigogarcia/.local/share/chezmoi/private_dot_config/nvim/lua
[11:45:25.206][info] [#0:script/library.lua:212]: Init builtin library at:	nil
[11:45:25.213][info] [#0:script/provider/provider.lua:61]: Load config from client	fallback
[11:45:25.213][info] [#0:script/provider/provider.lua:62]: {
  Lua = {
    diagnostics = {
      globals = { "vim" }
    },
    workspace = {
      library = {
        ["/Users/rodrigogarcia/.local/share/nvim/lazy/lazy.nvim/lua/lazy"] = true,
        ["/Users/rodrigogarcia/.local/share/nvim/lazy/ui/nvchad_types"] = true,
        ["/opt/homebrew/Cellar/neovim/0.9.4/share/nvim/runtime/lua"] = true,
        ["/opt/homebrew/Cellar/neovim/0.9.4/share/nvim/runtime/lua/vim/lsp"] = true
      },
      maxPreload = 100000,
      preloadFileSize = 10000
    }
  }
}
[11:45:25.213][info] [#0:script/provider/provider.lua:61]: Load config from client	fallback
[11:45:25.213][info] [#0:script/provider/provider.lua:62]: {
  Lua = {
    diagnostics = {
      globals = { "vim" }
    },
    workspace = {
      library = {
        ["/Users/rodrigogarcia/.local/share/nvim/lazy/lazy.nvim/lua/lazy"] = true,
        ["/Users/rodrigogarcia/.local/share/nvim/lazy/ui/nvchad_types"] = true,
        ["/opt/homebrew/Cellar/neovim/0.9.4/share/nvim/runtime/lua"] = true,
        ["/opt/homebrew/Cellar/neovim/0.9.4/share/nvim/runtime/lua/vim/lsp"] = true
      },
      maxPreload = 100000,
      preloadFileSize = 10000
    }
  }
}
[11:45:25.319][info] [#0:script/workspace/workspace.lua:322]: Preload start:	file:///Users/rodrigogarcia/.local/share/chezmoi/private_dot_config/nvim/lua/
[11:45:25.322][info] [#0:script/workspace/workspace.lua:328]: Scan files at:	file:///Users/rodrigogarcia/.local/share/chezmoi/private_dot_config/nvim/lua/
[11:45:25.323][info] [#0:script/workspace/workspace.lua:322]: Preload start:	<fallback>
[11:45:25.326][info] [#0:script/workspace/workspace.lua:351]: Scan library at:	file:///Users/rodrigogarcia/.local/share/nvim/lazy/lazy.nvim/lua/lazy
[11:45:25.329][info] [#0:script/workspace/workspace.lua:351]: Scan library at:	file:///Users/rodrigogarcia/.local/share/nvim/lazy/lazy.nvim/lua/lazy
[11:45:25.333][info] [#0:script/workspace/workspace.lua:351]: Scan library at:	file:///opt/homebrew/Cellar/neovim/0.9.4/share/nvim/runtime/lua
[11:45:25.335][info] [#0:script/workspace/workspace.lua:351]: Scan library at:	file:///opt/homebrew/Cellar/neovim/0.9.4/share/nvim/runtime/lua
[11:45:25.340][info] [#0:script/workspace/workspace.lua:351]: Scan library at:	file:///Users/rodrigogarcia/.local/share/nvim/lazy/ui/nvchad_types
[11:45:25.342][info] [#0:script/workspace/workspace.lua:351]: Scan library at:	file:///Users/rodrigogarcia/.local/share/nvim/mason/packages/lua-language-server/libexec/meta/Lua%205.4%20en-us%20utf8/io.lua
[11:45:25.342][info] [#0:script/workspace/workspace.lua:351]: Scan library at:	file:///Users/rodrigogarcia/.local/share/nvim/mason/packages/lua-language-server/libexec/meta/Lua%205.4%20en-us%20utf8/utf8.lua
[11:45:25.342][info] [#0:script/workspace/workspace.lua:351]: Scan library at:	file:///Users/rodrigogarcia/.local/share/nvim/mason/packages/lua-language-server/libexec/meta/Lua%205.4%20en-us%20utf8/math.lua
[11:45:25.342][info] [#0:script/workspace/workspace.lua:351]: Scan library at:	file:///Users/rodrigogarcia/.local/share/nvim/mason/packages/lua-language-server/libexec/meta/Lua%205.4%20en-us%20utf8/package.lua
[11:45:25.342][info] [#0:script/workspace/workspace.lua:351]: Scan library at:	file:///Users/rodrigogarcia/.local/share/nvim/mason/packages/lua-language-server/libexec/meta/Lua%205.4%20en-us%20utf8/basic.lua
[11:45:25.343][info] [#0:script/workspace/workspace.lua:351]: Scan library at:	file:///opt/homebrew/Cellar/neovim/0.9.4/share/nvim/runtime/lua/vim/lsp
[11:45:25.345][info] [#0:script/workspace/workspace.lua:351]: Scan library at:	file:///Users/rodrigogarcia/.local/share/nvim/lazy/ui/nvchad_types
[11:45:25.345][info] [#0:script/workspace/workspace.lua:351]: Scan library at:	file:///Users/rodrigogarcia/.local/share/nvim/mason/packages/lua-language-server/libexec/meta/Lua%205.4%20en-us%20utf8/io.lua
[11:45:25.345][info] [#0:script/workspace/workspace.lua:351]: Scan library at:	file:///Users/rodrigogarcia/.local/share/nvim/mason/packages/lua-language-server/libexec/meta/Lua%205.4%20en-us%20utf8/utf8.lua
[11:45:25.345][info] [#0:script/workspace/workspace.lua:351]: Scan library at:	file:///Users/rodrigogarcia/.local/share/nvim/mason/packages/lua-language-server/libexec/meta/Lua%205.4%20en-us%20utf8/math.lua
[11:45:25.345][info] [#0:script/workspace/workspace.lua:351]: Scan library at:	file:///Users/rodrigogarcia/.local/share/nvim/mason/packages/lua-language-server/libexec/meta/Lua%205.4%20en-us%20utf8/package.lua
[11:45:25.345][info] [#0:script/workspace/workspace.lua:351]: Scan library at:	file:///Users/rodrigogarcia/.local/share/nvim/mason/packages/lua-language-server/libexec/meta/Lua%205.4%20en-us%20utf8/string.lua
[11:45:25.345][info] [#0:script/workspace/workspace.lua:351]: Scan library at:	file:///Users/rodrigogarcia/.local/share/nvim/mason/packages/lua-language-server/libexec/meta/Lua%205.4%20en-us%20utf8/basic.lua
[11:45:25.345][info] [#0:script/workspace/workspace.lua:351]: Scan library at:	file:///Users/rodrigogarcia/.local/share/nvim/mason/packages/lua-language-server/libexec/meta/Lua%205.4%20en-us%20utf8/builtin.lua
[11:45:25.345][info] [#0:script/workspace/workspace.lua:351]: Scan library at:	file:///opt/homebrew/Cellar/neovim/0.9.4/share/nvim/runtime/lua/vim/lsp
[11:45:25.346][info] [#0:script/workspace/workspace.lua:351]: Scan library at:	file:///Users/rodrigogarcia/.local/share/nvim/mason/packages/lua-language-server/libexec/meta/Lua%205.4%20en-us%20utf8/table.lua
[11:45:25.346][info] [#0:script/workspace/workspace.lua:351]: Scan library at:	file:///Users/rodrigogarcia/.local/share/nvim/mason/packages/lua-language-server/libexec/meta/Lua%205.4%20en-us%20utf8/debug.lua
[11:45:25.346][info] [#0:script/workspace/workspace.lua:351]: Scan library at:	file:///Users/rodrigogarcia/.local/share/nvim/mason/packages/lua-language-server/libexec/meta/Lua%205.4%20en-us%20utf8/os.lua
[11:45:25.346][info] [#0:script/workspace/workspace.lua:351]: Scan library at:	file:///Users/rodrigogarcia/.local/share/nvim/mason/packages/lua-language-server/libexec/meta/Lua%205.4%20en-us%20utf8/coroutine.lua
[11:45:25.346][info] [#0:script/workspace/workspace.lua:351]: Scan library at:	file:///Users/rodrigogarcia/.local/share/nvim/mason/packages/lua-language-server/libexec/meta/Lua%205.4%20en-us%20utf8/string.lua
[11:45:25.346][info] [#0:script/workspace/workspace.lua:351]: Scan library at:	file:///Users/rodrigogarcia/.local/share/nvim/mason/packages/lua-language-server/libexec/meta/Lua%205.4%20en-us%20utf8/builtin.lua
[11:45:25.346][info] [#0:script/workspace/workspace.lua:351]: Scan library at:	file:///Users/rodrigogarcia/.local/share/nvim/mason/packages/lua-language-server/libexec/meta/Lua%205.4%20en-us%20utf8/table.lua
[11:45:25.346][info] [#0:script/workspace/workspace.lua:351]: Scan library at:	file:///Users/rodrigogarcia/.local/share/nvim/mason/packages/lua-language-server/libexec/meta/Lua%205.4%20en-us%20utf8/debug.lua
[11:45:25.347][info] [#0:script/workspace/workspace.lua:351]: Scan library at:	file:///Users/rodrigogarcia/.local/share/nvim/mason/packages/lua-language-server/libexec/meta/Lua%205.4%20en-us%20utf8/os.lua
[11:45:25.347][info] [#0:script/workspace/workspace.lua:351]: Scan library at:	file:///Users/rodrigogarcia/.local/share/nvim/mason/packages/lua-language-server/libexec/meta/Lua%205.4%20en-us%20utf8/coroutine.lua
[11:45:25.449][info] [#0:script/workspace/workspace.lua:377]: Found 124 files at:	<fallback>
[11:45:25.449][info] [#0:script/workspace/loading.lua:161]: Load files from disk:	<fallback>
[11:45:25.449][info] [#0:script/workspace/workspace.lua:377]: Found 141 files at:	file:///Users/rodrigogarcia/.local/share/chezmoi/private_dot_config/nvim/lua/
[11:45:25.449][info] [#0:script/workspace/loading.lua:161]: Load files from disk:	file:///Users/rodrigogarcia/.local/share/chezmoi/private_dot_config/nvim/lua/
[11:45:25.450][info] [#0:script/workspace/loading.lua:101]: Preload file at: file:///Users/rodrigogarcia/.local/share/nvim/mason/packages/lua-language-server/libexec/meta/Lua%205.4%20en-us%20utf8/coroutine.lua , size = 2.590 KB
[11:45:25.454][info] [#0:script/workspace/loading.lua:113]: ++++As library of:	file:///Users/rodrigogarcia/.local/share/nvim/mason/packages/lua-language-server/libexec/meta/Lua%205.4%20en-us%20utf8/coroutine.lua
[11:45:25.455][info] [#0:script/workspace/loading.lua:101]: Preload file at: file:///Users/rodrigogarcia/.local/share/nvim/mason/packages/lua-language-server/libexec/meta/Lua%205.4%20en-us%20utf8/os.lua , size = 4.347 KB
[11:45:25.458][info] [#0:script/workspace/loading.lua:113]: ++++As library of:	file:///Users/rodrigogarcia/.local/share/nvim/mason/packages/lua-language-server/libexec/meta/Lua%205.4%20en-us%20utf8/os.lua
[11:45:25.458][info] [#0:script/workspace/loading.lua:98]: Skip loaded file: file:///Users/rodrigogarcia/.local/share/nvim/mason/packages/lua-language-server/libexec/meta/Lua%205.4%20en-us%20utf8/os.lua
[11:45:25.458][info] [#0:script/workspace/loading.lua:101]: Preload file at: file:///Users/rodrigogarcia/.local/share/nvim/mason/packages/lua-language-server/libexec/meta/Lua%205.4%20en-us%20utf8/debug.lua , size = 7.637 KB
[11:45:25.464][info] [#0:script/workspace/loading.lua:113]: ++++As library of:	file:///Users/rodrigogarcia/.local/share/nvim/mason/packages/lua-language-server/libexec/meta/Lua%205.4%20en-us%20utf8/debug.lua
[11:45:25.464][info] [#0:script/workspace/loading.lua:98]: Skip loaded file: file:///Users/rodrigogarcia/.local/share/nvim/mason/packages/lua-language-server/libexec/meta/Lua%205.4%20en-us%20utf8/debug.lua
[11:45:25.464][info] [#0:script/workspace/loading.lua:101]: Preload file at: file:///Users/rodrigogarcia/.local/share/nvim/mason/packages/lua-language-server/libexec/meta/Lua%205.4%20en-us%20utf8/table.lua , size = 4.230 KB
[11:45:25.467][info] [#0:script/workspace/loading.lua:113]: ++++As library of:	file:///Users/rodrigogarcia/.local/share/nvim/mason/packages/lua-language-server/libexec/meta/Lua%205.4%20en-us%20utf8/table.lua
[11:45:25.468][info] [#0:script/workspace/loading.lua:98]: Skip loaded file: file:///Users/rodrigogarcia/.local/share/nvim/mason/packages/lua-language-server/libexec/meta/Lua%205.4%20en-us%20utf8/table.lua
[11:45:25.468][info] [#0:script/workspace/loading.lua:101]: Preload file at: file:///Users/rodrigogarcia/.local/share/nvim/mason/packages/lua-language-server/libexec/meta/Lua%205.4%20en-us%20utf8/builtin.lua , size = 0.302 KB
[11:45:25.472][info] [#0:script/workspace/loading.lua:113]: ++++As library of:	file:///Users/rodrigogarcia/.local/share/nvim/mason/packages/lua-language-server/libexec/meta/Lua%205.4%20en-us%20utf8/builtin.lua
[11:45:25.472][info] [#0:script/workspace/loading.lua:98]: Skip loaded file: file:///Users/rodrigogarcia/.local/share/nvim/mason/packages/lua-language-server/libexec/meta/Lua%205.4%20en-us%20utf8/builtin.lua
[11:45:25.472][info] [#0:script/workspace/loading.lua:101]: Preload file at: file:///Users/rodrigogarcia/.local/share/nvim/mason/packages/lua-language-server/libexec/meta/Lua%205.4%20en-us%20utf8/string.lua , size = 6.313 KB
[11:45:25.478][info] [#0:script/workspace/loading.lua:113]: ++++As library of:	file:///Users/rodrigogarcia/.local/share/nvim/mason/packages/lua-language-server/libexec/meta/Lua%205.4%20en-us%20utf8/string.lua
[11:45:25.478][info] [#0:script/workspace/loading.lua:98]: Skip loaded file: file:///Users/rodrigogarcia/.local/share/nvim/mason/packages/lua-language-server/libexec/meta/Lua%205.4%20en-us%20utf8/string.lua
[11:45:25.478][info] [#0:script/workspace/loading.lua:101]: Preload file at: file:///opt/homebrew/Cellar/neovim/0.9.4/share/nvim/runtime/lua/vim/lsp/diagnostic.lua , size = 8.867 KB
[11:45:25.482][info] [#0:script/workspace/loading.lua:113]: ++++As library of:	file:///opt/homebrew/Cellar/neovim/0.9.4/share/nvim/runtime/lua/vim/lsp
[11:45:25.482][info] [#0:script/workspace/loading.lua:98]: Skip loaded file: file:///opt/homebrew/Cellar/neovim/0.9.4/share/nvim/runtime/lua/vim/lsp/diagnostic.lua
[11:45:25.482][info] [#0:script/workspace/loading.lua:101]: Preload file at: file:///opt/homebrew/Cellar/neovim/0.9.4/share/nvim/runtime/lua/vim/lsp/protocol.lua , size = 28.367 KB
[11:45:25.487][info] [#0:script/workspace/loading.lua:113]: ++++As library of:	file:///opt/homebrew/Cellar/neovim/0.9.4/share/nvim/runtime/lua/vim/lsp
[11:45:25.487][info] [#0:script/workspace/loading.lua:98]: Skip loaded file: file:///opt/homebrew/Cellar/neovim/0.9.4/share/nvim/runtime/lua/vim/lsp/protocol.lua
[11:45:25.487][info] [#0:script/workspace/loading.lua:101]: Preload file at: file:///opt/homebrew/Cellar/neovim/0.9.4/share/nvim/runtime/lua/vim/lsp/health.lua , size = 1.240 KB
[11:45:25.488][info] [#0:script/workspace/loading.lua:113]: ++++As library of:	file:///opt/homebrew/Cellar/neovim/0.9.4/share/nvim/runtime/lua/vim/lsp
[11:45:25.488][info] [#0:script/workspace/loading.lua:98]: Skip loaded file: file:///opt/homebrew/Cellar/neovim/0.9.4/share/nvim/runtime/lua/vim/lsp/health.lua
[11:45:25.488][info] [#0:script/workspace/loading.lua:101]: Preload file at: file:///opt/homebrew/Cellar/neovim/0.9.4/share/nvim/runtime/lua/vim/lsp/codelens.lua , size = 8.554 KB
[11:45:25.491][info] [#0:script/workspace/loading.lua:113]: ++++As library of:	file:///opt/homebrew/Cellar/neovim/0.9.4/share/nvim/runtime/lua/vim/lsp
[11:45:25.491][info] [#0:script/workspace/loading.lua:98]: Skip loaded file: file:///opt/homebrew/Cellar/neovim/0.9.4/share/nvim/runtime/lua/vim/lsp/codelens.lua
[11:45:25.491][info] [#0:script/workspace/loading.lua:101]: Preload file at: file:///opt/homebrew/Cellar/neovim/0.9.4/share/nvim/runtime/lua/vim/lsp/_watchfiles.lua , size = 9.692 KB
[11:45:25.494][info] [#0:script/workspace/loading.lua:113]: ++++As library of:	file:///opt/homebrew/Cellar/neovim/0.9.4/share/nvim/runtime/lua/vim/lsp
[11:45:25.494][info] [#0:script/workspace/loading.lua:98]: Skip loaded file: file:///opt/homebrew/Cellar/neovim/0.9.4/share/nvim/runtime/lua/vim/lsp/_watchfiles.lua
[11:45:25.494][info] [#0:script/workspace/loading.lua:101]: Preload file at: file:///opt/homebrew/Cellar/neovim/0.9.4/share/nvim/runtime/lua/vim/lsp/sync.lua , size = 15.681 KB
[11:45:25.498][info] [#0:script/workspace/loading.lua:113]: ++++As library of:	file:///opt/homebrew/Cellar/neovim/0.9.4/share/nvim/runtime/lua/vim/lsp
[11:45:25.498][info] [#0:script/workspace/loading.lua:98]: Skip loaded file: file:///Users/rodrigogarcia/.local/share/nvim/mason/packages/lua-language-server/libexec/meta/Lua%205.4%20en-us%20utf8/coroutine.lua
[11:45:25.498][info] [#0:script/workspace/loading.lua:98]: Skip loaded file: file:///opt/homebrew/Cellar/neovim/0.9.4/share/nvim/runtime/lua/vim/lsp/sync.lua
[11:45:25.498][info] [#0:script/workspace/loading.lua:101]: Preload file at: file:///opt/homebrew/Cellar/neovim/0.9.4/share/nvim/runtime/lua/vim/lsp/log.lua , size = 5.151 KB
[11:45:25.500][info] [#0:script/workspace/loading.lua:113]: ++++As library of:	file:///opt/homebrew/Cellar/neovim/0.9.4/share/nvim/runtime/lua/vim/lsp
[11:45:25.500][info] [#0:script/workspace/loading.lua:98]: Skip loaded file: file:///opt/homebrew/Cellar/neovim/0.9.4/share/nvim/runtime/lua/vim/lsp/log.lua
[11:45:25.500][info] [#0:script/workspace/loading.lua:101]: Preload file at: file:///opt/homebrew/Cellar/neovim/0.9.4/share/nvim/runtime/lua/vim/lsp/types.lua , size = 0.924 KB
[11:45:25.501][info] [#0:script/workspace/loading.lua:113]: ++++As library of:	file:///opt/homebrew/Cellar/neovim/0.9.4/share/nvim/runtime/lua/vim/lsp
[11:45:25.501][info] [#0:script/workspace/loading.lua:98]: Skip loaded file: file:///opt/homebrew/Cellar/neovim/0.9.4/share/nvim/runtime/lua/vim/lsp/types.lua
[11:45:25.501][info] [#0:script/workspace/loading.lua:101]: Preload file at: file:///opt/homebrew/Cellar/neovim/0.9.4/share/nvim/runtime/lua/vim/lsp/util.lua , size = 70.764 KB
[11:45:25.525][info] [#0:script/workspace/loading.lua:113]: ++++As library of:	file:///opt/homebrew/Cellar/neovim/0.9.4/share/nvim/runtime/lua/vim/lsp
[11:45:25.525][info] [#0:script/workspace/loading.lua:98]: Skip loaded file: file:///opt/homebrew/Cellar/neovim/0.9.4/share/nvim/runtime/lua/vim/lsp/util.lua
[11:45:25.525][info] [#0:script/workspace/loading.lua:101]: Preload file at: file:///opt/homebrew/Cellar/neovim/0.9.4/share/nvim/runtime/lua/vim/lsp/buf.lua , size = 27.969 KB
[11:45:25.536][info] [#0:script/workspace/loading.lua:113]: ++++As library of:	file:///opt/homebrew/Cellar/neovim/0.9.4/share/nvim/runtime/lua/vim/lsp
[11:45:25.536][info] [#0:script/workspace/loading.lua:98]: Skip loaded file: file:///opt/homebrew/Cellar/neovim/0.9.4/share/nvim/runtime/lua/vim/lsp/buf.lua
[11:45:25.536][info] [#0:script/workspace/loading.lua:101]: Preload file at: file:///opt/homebrew/Cellar/neovim/0.9.4/share/nvim/runtime/lua/vim/lsp/_snippet.lua , size = 10.744 KB
[11:45:25.542][info] [#0:script/workspace/loading.lua:113]: ++++As library of:	file:///opt/homebrew/Cellar/neovim/0.9.4/share/nvim/runtime/lua/vim/lsp
[11:45:25.542][info] [#0:script/workspace/loading.lua:98]: Skip loaded file: file:///opt/homebrew/Cellar/neovim/0.9.4/share/nvim/runtime/lua/vim/lsp/_snippet.lua
[11:45:25.542][info] [#0:script/workspace/loading.lua:101]: Preload file at: file:///opt/homebrew/Cellar/neovim/0.9.4/share/nvim/runtime/lua/vim/lsp/handlers.lua , size = 23.587 KB
[11:45:25.549][info] [#0:script/workspace/loading.lua:113]: ++++As library of:	file:///opt/homebrew/Cellar/neovim/0.9.4/share/nvim/runtime/lua/vim/lsp
[11:45:25.549][info] [#0:script/workspace/loading.lua:98]: Skip loaded file: file:///opt/homebrew/Cellar/neovim/0.9.4/share/nvim/runtime/lua/vim/lsp/handlers.lua
[11:45:25.549][info] [#0:script/workspace/loading.lua:101]: Preload file at: file:///opt/homebrew/Cellar/neovim/0.9.4/share/nvim/runtime/lua/vim/lsp/rpc.lua , size = 23.695 KB
[11:45:25.558][info] [#0:script/workspace/loading.lua:113]: ++++As library of:	file:///opt/homebrew/Cellar/neovim/0.9.4/share/nvim/runtime/lua/vim/lsp
[11:45:25.558][info] [#0:script/workspace/loading.lua:98]: Skip loaded file: file:///opt/homebrew/Cellar/neovim/0.9.4/share/nvim/runtime/lua/vim/lsp/rpc.lua
[11:45:25.558][info] [#0:script/workspace/loading.lua:101]: Preload file at: file:///opt/homebrew/Cellar/neovim/0.9.4/share/nvim/runtime/lua/vim/lsp/semantic_tokens.lua , size = 25.936 KB
[11:45:25.566][info] [#0:script/workspace/loading.lua:113]: ++++As library of:	file:///opt/homebrew/Cellar/neovim/0.9.4/share/nvim/runtime/lua/vim/lsp
[11:45:25.566][info] [#0:script/workspace/loading.lua:98]: Skip loaded file: file:///opt/homebrew/Cellar/neovim/0.9.4/share/nvim/runtime/lua/vim/lsp/semantic_tokens.lua
[11:45:25.566][info] [#0:script/workspace/loading.lua:101]: Preload file at: file:///opt/homebrew/Cellar/neovim/0.9.4/share/nvim/runtime/lua/vim/lsp/tagfunc.lua , size = 2.339 KB
[11:45:25.567][info] [#0:script/workspace/loading.lua:113]: ++++As library of:	file:///opt/homebrew/Cellar/neovim/0.9.4/share/nvim/runtime/lua/vim/lsp
[11:45:25.567][info] [#0:script/workspace/loading.lua:98]: Skip loaded file: file:///opt/homebrew/Cellar/neovim/0.9.4/share/nvim/runtime/lua/vim/lsp/tagfunc.lua
[11:45:25.567][info] [#0:script/workspace/loading.lua:101]: Preload file at: file:///Users/rodrigogarcia/.local/share/nvim/mason/packages/lua-language-server/libexec/meta/Lua%205.4%20en-us%20utf8/basic.lua , size = 15.185 KB
[11:45:25.576][info] [#0:script/workspace/loading.lua:113]: ++++As library of:	file:///Users/rodrigogarcia/.local/share/nvim/mason/packages/lua-language-server/libexec/meta/Lua%205.4%20en-us%20utf8/basic.lua
[11:45:25.576][info] [#0:script/workspace/loading.lua:98]: Skip loaded file: file:///Users/rodrigogarcia/.local/share/nvim/mason/packages/lua-language-server/libexec/meta/Lua%205.4%20en-us%20utf8/basic.lua
[11:45:25.576][info] [#0:script/workspace/loading.lua:101]: Preload file at: file:///Users/rodrigogarcia/.local/share/nvim/mason/packages/lua-language-server/libexec/meta/Lua%205.4%20en-us%20utf8/package.lua , size = 2.944 KB
[11:45:25.577][info] [#0:script/workspace/loading.lua:113]: ++++As library of:	file:///Users/rodrigogarcia/.local/share/nvim/mason/packages/lua-language-server/libexec/meta/Lua%205.4%20en-us%20utf8/package.lua
[11:45:25.577][info] [#0:script/workspace/loading.lua:98]: Skip loaded file: file:///Users/rodrigogarcia/.local/share/nvim/mason/packages/lua-language-server/libexec/meta/Lua%205.4%20en-us%20utf8/package.lua
[11:45:25.577][info] [#0:script/workspace/loading.lua:101]: Preload file at: file:///Users/rodrigogarcia/.local/share/nvim/mason/packages/lua-language-server/libexec/meta/Lua%205.4%20en-us%20utf8/math.lua , size = 8.731 KB
[11:45:25.581][info] [#0:script/workspace/loading.lua:113]: ++++As library of:	file:///Users/rodrigogarcia/.local/share/nvim/mason/packages/lua-language-server/libexec/meta/Lua%205.4%20en-us%20utf8/math.lua
[11:45:25.581][info] [#0:script/workspace/loading.lua:98]: Skip loaded file: file:///Users/rodrigogarcia/.local/share/nvim/mason/packages/lua-language-server/libexec/meta/Lua%205.4%20en-us%20utf8/math.lua
[11:45:25.581][info] [#0:script/workspace/loading.lua:101]: Preload file at: file:///Users/rodrigogarcia/.local/share/nvim/mason/packages/lua-language-server/libexec/meta/Lua%205.4%20en-us%20utf8/utf8.lua , size = 2.386 KB
[11:45:25.582][info] [#0:script/workspace/loading.lua:113]: ++++As library of:	file:///Users/rodrigogarcia/.local/share/nvim/mason/packages/lua-language-server/libexec/meta/Lua%205.4%20en-us%20utf8/utf8.lua
[11:45:25.582][info] [#0:script/workspace/loading.lua:98]: Skip loaded file: file:///Users/rodrigogarcia/.local/share/nvim/mason/packages/lua-language-server/libexec/meta/Lua%205.4%20en-us%20utf8/utf8.lua
[11:45:25.582][info] [#0:script/workspace/loading.lua:101]: Preload file at: file:///Users/rodrigogarcia/.local/share/nvim/mason/packages/lua-language-server/libexec/meta/Lua%205.4%20en-us%20utf8/io.lua , size = 6.364 KB
[11:45:25.584][info] [#0:script/workspace/loading.lua:113]: ++++As library of:	file:///Users/rodrigogarcia/.local/share/nvim/mason/packages/lua-language-server/libexec/meta/Lua%205.4%20en-us%20utf8/io.lua
[11:45:25.584][info] [#0:script/workspace/loading.lua:98]: Skip loaded file: file:///Users/rodrigogarcia/.local/share/nvim/mason/packages/lua-language-server/libexec/meta/Lua%205.4%20en-us%20utf8/io.lua
[11:45:25.584][info] [#0:script/workspace/loading.lua:101]: Preload file at: file:///Users/rodrigogarcia/.local/share/nvim/lazy/ui/nvchad_types/keymaps.lua , size = 1.461 KB
[11:45:25.584][info] [#0:script/workspace/loading.lua:113]: ++++As library of:	file:///Users/rodrigogarcia/.local/share/nvim/lazy/ui/nvchad_types
[11:45:25.585][info] [#0:script/workspace/loading.lua:98]: Skip loaded file: file:///Users/rodrigogarcia/.local/share/nvim/lazy/ui/nvchad_types/keymaps.lua
[11:45:25.585][info] [#0:script/workspace/loading.lua:101]: Preload file at: file:///Users/rodrigogarcia/.local/share/nvim/lazy/ui/nvchad_types/themes.lua , size = 4.774 KB
[11:45:25.586][info] [#0:script/workspace/loading.lua:113]: ++++As library of:	file:///Users/rodrigogarcia/.local/share/nvim/lazy/ui/nvchad_types
[11:45:25.586][info] [#0:script/workspace/loading.lua:98]: Skip loaded file: file:///Users/rodrigogarcia/.local/share/nvim/lazy/ui/nvchad_types/themes.lua
[11:45:25.586][info] [#0:script/workspace/loading.lua:101]: Preload file at: file:///Users/rodrigogarcia/.local/share/nvim/lazy/ui/nvchad_types/base46.lua , size = 7.725 KB
[11:45:25.589][info] [#0:script/workspace/loading.lua:113]: ++++As library of:	file:///Users/rodrigogarcia/.local/share/nvim/lazy/ui/nvchad_types
[11:45:25.589][info] [#0:script/workspace/loading.lua:98]: Skip loaded file: file:///Users/rodrigogarcia/.local/share/nvim/lazy/ui/nvchad_types/base46.lua
[11:45:25.589][info] [#0:script/workspace/loading.lua:101]: Preload file at: file:///Users/rodrigogarcia/.local/share/nvim/lazy/ui/nvchad_types/plugins.lua , size = 5.681 KB
[11:45:25.590][info] [#0:script/workspace/loading.lua:113]: ++++As library of:	file:///Users/rodrigogarcia/.local/share/nvim/lazy/ui/nvchad_types
[11:45:25.590][info] [#0:script/workspace/loading.lua:98]: Skip loaded file: file:///Users/rodrigogarcia/.local/share/nvim/lazy/ui/nvchad_types/plugins.lua
[11:45:25.590][info] [#0:script/workspace/loading.lua:101]: Preload file at: file:///Users/rodrigogarcia/.local/share/nvim/lazy/ui/nvchad_types/all_hl_groups.lua , size = 40.871 KB
[11:45:25.599][info] [#0:script/workspace/loading.lua:113]: ++++As library of:	file:///Users/rodrigogarcia/.local/share/nvim/lazy/ui/nvchad_types
[11:45:25.599][info] [#0:script/workspace/loading.lua:98]: Skip loaded file: file:///Users/rodrigogarcia/.local/share/nvim/lazy/ui/nvchad_types/all_hl_groups.lua
[11:45:25.599][info] [#0:script/workspace/loading.lua:101]: Preload file at: file:///Users/rodrigogarcia/.local/share/nvim/lazy/ui/nvchad_types/chadrc.lua , size = 8.765 KB
[11:45:25.602][info] [#0:script/workspace/loading.lua:113]: ++++As library of:	file:///Users/rodrigogarcia/.local/share/nvim/lazy/ui/nvchad_types
[11:45:25.602][info] [#0:script/workspace/loading.lua:98]: Skip loaded file: file:///Users/rodrigogarcia/.local/share/nvim/lazy/ui/nvchad_types/chadrc.lua
[11:45:25.602][info] [#0:script/workspace/loading.lua:101]: Preload file at: file:///opt/homebrew/Cellar/neovim/0.9.4/share/nvim/runtime/lua/vim/loader.lua , size = 16.182 KB
[11:45:25.609][info] [#0:script/workspace/loading.lua:113]: ++++As library of:	file:///opt/homebrew/Cellar/neovim/0.9.4/share/nvim/runtime/lua
[11:45:25.609][info] [#0:script/workspace/loading.lua:98]: Skip loaded file: file:///opt/homebrew/Cellar/neovim/0.9.4/share/nvim/runtime/lua/vim/loader.lua
[11:45:25.609][info] [#0:script/workspace/loading.lua:101]: Preload file at: file:///opt/homebrew/Cellar/neovim/0.9.4/share/nvim/runtime/lua/vim/shared.lua , size = 22.292 KB
[11:45:25.617][info] [#0:script/workspace/loading.lua:113]: ++++As library of:	file:///opt/homebrew/Cellar/neovim/0.9.4/share/nvim/runtime/lua
[11:45:25.617][info] [#0:script/workspace/loading.lua:98]: Skip loaded file: file:///opt/homebrew/Cellar/neovim/0.9.4/share/nvim/runtime/lua/vim/shared.lua
[11:45:25.622][info] [#0:script/workspace/loading.lua:101]: Preload file at: file:///opt/homebrew/Cellar/neovim/0.9.4/share/nvim/runtime/lua/vim/diagnostic.lua , size = 56.640 KB
[11:45:25.641][info] [#0:script/workspace/loading.lua:113]: ++++As library of:	file:///opt/homebrew/Cellar/neovim/0.9.4/share/nvim/runtime/lua
[11:45:25.641][info] [#0:script/workspace/loading.lua:98]: Skip loaded file: file:///opt/homebrew/Cellar/neovim/0.9.4/share/nvim/runtime/lua/vim/diagnostic.lua
[11:45:25.641][info] [#0:script/workspace/loading.lua:101]: Preload file at: file:///opt/homebrew/Cellar/neovim/0.9.4/share/nvim/runtime/lua/vim/_inspector.lua , size = 7.915 KB
[11:45:25.644][info] [#0:script/workspace/loading.lua:113]: ++++As library of:	file:///opt/homebrew/Cellar/neovim/0.9.4/share/nvim/runtime/lua
[11:45:25.644][info] [#0:script/workspace/loading.lua:98]: Skip loaded file: file:///opt/homebrew/Cellar/neovim/0.9.4/share/nvim/runtime/lua/vim/_inspector.lua
[11:45:25.644][info] [#0:script/workspace/loading.lua:101]: Preload file at: file:///opt/homebrew/Cellar/neovim/0.9.4/share/nvim/runtime/lua/vim/treesitter/_meta.lua , size = 2.839 KB
[11:45:25.645][info] [#0:script/workspace/loading.lua:113]: ++++As library of:	file:///opt/homebrew/Cellar/neovim/0.9.4/share/nvim/runtime/lua
[11:45:25.645][info] [#0:script/workspace/loading.lua:98]: Skip loaded file: file:///opt/homebrew/Cellar/neovim/0.9.4/share/nvim/runtime/lua/vim/treesitter/_meta.lua
[11:45:25.645][info] [#0:script/workspace/loading.lua:101]: Preload file at: file:///opt/homebrew/Cellar/neovim/0.9.4/share/nvim/runtime/lua/vim/treesitter/_fold.lua , size = 8.207 KB
[11:45:25.649][info] [#0:script/workspace/loading.lua:113]: ++++As library of:	file:///opt/homebrew/Cellar/neovim/0.9.4/share/nvim/runtime/lua
[11:45:25.649][info] [#0:script/workspace/loading.lua:89]: Skip loaded file: file:///opt/homebrew/Cellar/neovim/0.9.4/share/nvim/runtime/lua/vim/treesitter/_fold.lua
[11:45:25.649][info] [#0:script/workspace/loading.lua:113]: ++++As library of:	file:///opt/homebrew/Cellar/neovim/0.9.4/share/nvim/runtime/lua
[11:45:25.649][info] [#0:script/workspace/loading.lua:101]: Preload file at: file:///opt/homebrew/Cellar/neovim/0.9.4/share/nvim/runtime/lua/vim/treesitter/_range.lua , size = 3.646 KB
[11:45:25.651][info] [#0:script/workspace/loading.lua:113]: ++++As library of:	file:///opt/homebrew/Cellar/neovim/0.9.4/share/nvim/runtime/lua
[11:45:25.651][info] [#0:script/workspace/loading.lua:98]: Skip loaded file: file:///opt/homebrew/Cellar/neovim/0.9.4/share/nvim/runtime/lua/vim/treesitter/_range.lua
[11:45:25.651][info] [#0:script/workspace/loading.lua:101]: Preload file at: file:///opt/homebrew/Cellar/neovim/0.9.4/share/nvim/runtime/lua/vim/treesitter/health.lua , size = 0.888 KB
[11:45:25.652][info] [#0:script/workspace/loading.lua:113]: ++++As library of:	file:///opt/homebrew/Cellar/neovim/0.9.4/share/nvim/runtime/lua
[11:45:25.652][info] [#0:script/workspace/loading.lua:98]: Skip loaded file: file:///opt/homebrew/Cellar/neovim/0.9.4/share/nvim/runtime/lua/vim/treesitter/health.lua
[11:45:25.652][info] [#0:script/workspace/loading.lua:101]: Preload file at: file:///opt/homebrew/Cellar/neovim/0.9.4/share/nvim/runtime/lua/vim/treesitter/languagetree.lua , size = 27.647 KB
[11:45:25.662][info] [#0:script/workspace/loading.lua:113]: ++++As library of:	file:///opt/homebrew/Cellar/neovim/0.9.4/share/nvim/runtime/lua
[11:45:25.662][info] [#0:script/workspace/loading.lua:98]: Skip loaded file: file:///opt/homebrew/Cellar/neovim/0.9.4/share/nvim/runtime/lua/vim/treesitter/languagetree.lua
[11:45:25.662][info] [#0:script/workspace/loading.lua:101]: Preload file at: file:///opt/homebrew/Cellar/neovim/0.9.4/share/nvim/runtime/lua/vim/treesitter/playground.lua , size = 12.562 KB
[11:45:25.667][info] [#0:script/workspace/loading.lua:113]: ++++As library of:	file:///opt/homebrew/Cellar/neovim/0.9.4/share/nvim/runtime/lua
[11:45:25.667][info] [#0:script/workspace/loading.lua:101]: Preload file at: file:///opt/homebrew/Cellar/neovim/0.9.4/share/nvim/runtime/lua/vim/treesitter/language.lua , size = 3.558 KB
[11:45:25.668][info] [#0:script/workspace/loading.lua:113]: ++++As library of:	file:///opt/homebrew/Cellar/neovim/0.9.4/share/nvim/runtime/lua
[11:45:25.668][info] [#0:script/workspace/loading.lua:98]: Skip loaded file: file:///opt/homebrew/Cellar/neovim/0.9.4/share/nvim/runtime/lua/vim/treesitter/playground.lua
[11:45:25.668][info] [#0:script/workspace/loading.lua:98]: Skip loaded file: file:///opt/homebrew/Cellar/neovim/0.9.4/share/nvim/runtime/lua/vim/treesitter/language.lua
[11:45:25.668][info] [#0:script/workspace/loading.lua:101]: Preload file at: file:///opt/homebrew/Cellar/neovim/0.9.4/share/nvim/runtime/lua/vim/treesitter/query.lua , size = 21.253 KB
[11:45:25.677][info] [#0:script/workspace/loading.lua:113]: ++++As library of:	file:///opt/homebrew/Cellar/neovim/0.9.4/share/nvim/runtime/lua
[11:45:25.677][info] [#0:script/workspace/loading.lua:98]: Skip loaded file: file:///opt/homebrew/Cellar/neovim/0.9.4/share/nvim/runtime/lua/vim/treesitter/query.lua
[11:45:25.677][info] [#0:script/workspace/loading.lua:101]: Preload file at: file:///opt/homebrew/Cellar/neovim/0.9.4/share/nvim/runtime/lua/vim/treesitter/highlighter.lua , size = 8.781 KB
[11:45:25.680][info] [#0:script/workspace/loading.lua:113]: ++++As library of:	file:///opt/homebrew/Cellar/neovim/0.9.4/share/nvim/runtime/lua
[11:45:25.680][info] [#0:script/workspace/loading.lua:98]: Skip loaded file: file:///opt/homebrew/Cellar/neovim/0.9.4/share/nvim/runtime/lua/vim/treesitter/highlighter.lua
[11:45:25.680][info] [#0:script/workspace/loading.lua:101]: Preload file at: file:///opt/homebrew/Cellar/neovim/0.9.4/share/nvim/runtime/lua/vim/health.lua , size = 1.782 KB
[11:45:25.681][info] [#0:script/workspace/loading.lua:113]: ++++As library of:	file:///opt/homebrew/Cellar/neovim/0.9.4/share/nvim/runtime/lua
[11:45:25.681][info] [#0:script/workspace/loading.lua:98]: Skip loaded file: file:///opt/homebrew/Cellar/neovim/0.9.4/share/nvim/runtime/lua/vim/health.lua
[11:45:25.681][info] [#0:script/workspace/loading.lua:101]: Preload file at: file:///opt/homebrew/Cellar/neovim/0.9.4/share/nvim/runtime/lua/vim/keymap.lua , size = 3.573 KB
[11:45:25.683][info] [#0:script/workspace/loading.lua:113]: ++++As library of:	file:///opt/homebrew/Cellar/neovim/0.9.4/share/nvim/runtime/lua
[11:45:25.683][info] [#0:script/workspace/loading.lua:98]: Skip loaded file: file:///opt/homebrew/Cellar/neovim/0.9.4/share/nvim/runtime/lua/vim/keymap.lua
[11:45:25.683][info] [#0:script/workspace/loading.lua:101]: Preload file at: file:///opt/homebrew/Cellar/neovim/0.9.4/share/nvim/runtime/lua/vim/secure.lua , size = 4.830 KB
[11:45:25.685][info] [#0:script/workspace/loading.lua:113]: ++++As library of:	file:///opt/homebrew/Cellar/neovim/0.9.4/share/nvim/runtime/lua
[11:45:25.685][info] [#0:script/workspace/loading.lua:98]: Skip loaded file: file:///opt/homebrew/Cellar/neovim/0.9.4/share/nvim/runtime/lua/vim/secure.lua
[11:45:25.685][info] [#0:script/workspace/loading.lua:101]: Preload file at: file:///opt/homebrew/Cellar/neovim/0.9.4/share/nvim/runtime/lua/vim/_editor.lua , size = 29.364 KB
[11:45:25.694][info] [#0:script/workspace/loading.lua:113]: ++++As library of:	file:///opt/homebrew/Cellar/neovim/0.9.4/share/nvim/runtime/lua
[11:45:25.694][info] [#0:script/workspace/loading.lua:89]: Skip loaded file: file:///opt/homebrew/Cellar/neovim/0.9.4/share/nvim/runtime/lua/vim/_editor.lua
[11:45:25.694][info] [#0:script/workspace/loading.lua:113]: ++++As library of:	file:///opt/homebrew/Cellar/neovim/0.9.4/share/nvim/runtime/lua
[11:45:25.694][info] [#0:script/workspace/loading.lua:89]: Skip loaded file: file:///opt/homebrew/Cellar/neovim/0.9.4/share/nvim/runtime/lua/vim/lsp/diagnostic.lua
[11:45:25.694][info] [#0:script/workspace/loading.lua:113]: ++++As library of:	file:///opt/homebrew/Cellar/neovim/0.9.4/share/nvim/runtime/lua
[11:45:25.694][info] [#0:script/workspace/loading.lua:89]: Skip loaded file: file:///opt/homebrew/Cellar/neovim/0.9.4/share/nvim/runtime/lua/vim/lsp/diagnostic.lua
[11:45:25.694][info] [#0:script/workspace/loading.lua:113]: ++++As library of:	file:///opt/homebrew/Cellar/neovim/0.9.4/share/nvim/runtime/lua
[11:45:25.694][info] [#0:script/workspace/loading.lua:101]: Preload file at: file:///opt/homebrew/Cellar/neovim/0.9.4/share/nvim/runtime/lua/vim/highlight.lua , size = 3.749 KB
[11:45:25.696][info] [#0:script/workspace/loading.lua:113]: ++++As library of:	file:///opt/homebrew/Cellar/neovim/0.9.4/share/nvim/runtime/lua
[11:45:25.696][info] [#0:script/workspace/loading.lua:98]: Skip loaded file: file:///opt/homebrew/Cellar/neovim/0.9.4/share/nvim/runtime/lua/vim/highlight.lua
[11:45:25.696][info] [#0:script/workspace/loading.lua:89]: Skip loaded file: file:///opt/homebrew/Cellar/neovim/0.9.4/share/nvim/runtime/lua/vim/lsp/protocol.lua
[11:45:25.696][info] [#0:script/workspace/loading.lua:113]: ++++As library of:	file:///opt/homebrew/Cellar/neovim/0.9.4/share/nvim/runtime/lua
[11:45:25.696][info] [#0:script/workspace/loading.lua:89]: Skip loaded file: file:///opt/homebrew/Cellar/neovim/0.9.4/share/nvim/runtime/lua/vim/lsp/protocol.lua
[11:45:25.696][info] [#0:script/workspace/loading.lua:113]: ++++As library of:	file:///opt/homebrew/Cellar/neovim/0.9.4/share/nvim/runtime/lua
[11:45:25.696][info] [#0:script/workspace/loading.lua:89]: Skip loaded file: file:///opt/homebrew/Cellar/neovim/0.9.4/share/nvim/runtime/lua/vim/lsp/health.lua
[11:45:25.696][info] [#0:script/workspace/loading.lua:113]: ++++As library of:	file:///opt/homebrew/Cellar/neovim/0.9.4/share/nvim/runtime/lua
[11:45:25.696][info] [#0:script/workspace/loading.lua:89]: Skip loaded file: file:///opt/homebrew/Cellar/neovim/0.9.4/share/nvim/runtime/lua/vim/lsp/health.lua
[11:45:25.696][info] [#0:script/workspace/loading.lua:113]: ++++As library of:	file:///opt/homebrew/Cellar/neovim/0.9.4/share/nvim/runtime/lua
[11:45:25.696][info] [#0:script/workspace/loading.lua:89]: Skip loaded file: file:///opt/homebrew/Cellar/neovim/0.9.4/share/nvim/runtime/lua/vim/lsp/codelens.lua
[11:45:25.696][info] [#0:script/workspace/loading.lua:113]: ++++As library of:	file:///opt/homebrew/Cellar/neovim/0.9.4/share/nvim/runtime/lua
[11:45:25.696][info] [#0:script/workspace/loading.lua:89]: Skip loaded file: file:///opt/homebrew/Cellar/neovim/0.9.4/share/nvim/runtime/lua/vim/lsp/codelens.lua
[11:45:25.696][info] [#0:script/workspace/loading.lua:113]: ++++As library of:	file:///opt/homebrew/Cellar/neovim/0.9.4/share/nvim/runtime/lua
[11:45:25.696][info] [#0:script/workspace/loading.lua:89]: Skip loaded file: file:///opt/homebrew/Cellar/neovim/0.9.4/share/nvim/runtime/lua/vim/lsp/_watchfiles.lua
[11:45:25.696][info] [#0:script/workspace/loading.lua:113]: ++++As library of:	file:///opt/homebrew/Cellar/neovim/0.9.4/share/nvim/runtime/lua
[11:45:25.696][info] [#0:script/workspace/loading.lua:89]: Skip loaded file: file:///opt/homebrew/Cellar/neovim/0.9.4/share/nvim/runtime/lua/vim/lsp/_watchfiles.lua
[11:45:25.696][info] [#0:script/workspace/loading.lua:113]: ++++As library of:	file:///opt/homebrew/Cellar/neovim/0.9.4/share/nvim/runtime/lua
[11:45:25.696][info] [#0:script/workspace/loading.lua:89]: Skip loaded file: file:///opt/homebrew/Cellar/neovim/0.9.4/share/nvim/runtime/lua/vim/lsp/sync.lua
[11:45:25.696][info] [#0:script/workspace/loading.lua:113]: ++++As library of:	file:///opt/homebrew/Cellar/neovim/0.9.4/share/nvim/runtime/lua
[11:45:25.696][info] [#0:script/workspace/loading.lua:89]: Skip loaded file: file:///opt/homebrew/Cellar/neovim/0.9.4/share/nvim/runtime/lua/vim/lsp/sync.lua
[11:45:25.696][info] [#0:script/workspace/loading.lua:113]: ++++As library of:	file:///opt/homebrew/Cellar/neovim/0.9.4/share/nvim/runtime/lua
[11:45:25.696][info] [#0:script/workspace/loading.lua:89]: Skip loaded file: file:///opt/homebrew/Cellar/neovim/0.9.4/share/nvim/runtime/lua/vim/lsp/log.lua
[11:45:25.696][info] [#0:script/workspace/loading.lua:113]: ++++As library of:	file:///opt/homebrew/Cellar/neovim/0.9.4/share/nvim/runtime/lua
[11:45:25.696][info] [#0:script/workspace/loading.lua:89]: Skip loaded file: file:///opt/homebrew/Cellar/neovim/0.9.4/share/nvim/runtime/lua/vim/lsp/log.lua
[11:45:25.696][info] [#0:script/workspace/loading.lua:113]: ++++As library of:	file:///opt/homebrew/Cellar/neovim/0.9.4/share/nvim/runtime/lua
[11:45:25.696][info] [#0:script/workspace/loading.lua:89]: Skip loaded file: file:///opt/homebrew/Cellar/neovim/0.9.4/share/nvim/runtime/lua/vim/lsp/types.lua
[11:45:25.696][info] [#0:script/workspace/loading.lua:113]: ++++As library of:	file:///opt/homebrew/Cellar/neovim/0.9.4/share/nvim/runtime/lua
[11:45:25.696][info] [#0:script/workspace/loading.lua:89]: Skip loaded file: file:///opt/homebrew/Cellar/neovim/0.9.4/share/nvim/runtime/lua/vim/lsp/types.lua
[11:45:25.696][info] [#0:script/workspace/loading.lua:113]: ++++As library of:	file:///opt/homebrew/Cellar/neovim/0.9.4/share/nvim/runtime/lua
[11:45:25.696][info] [#0:script/workspace/loading.lua:89]: Skip loaded file: file:///opt/homebrew/Cellar/neovim/0.9.4/share/nvim/runtime/lua/vim/lsp/util.lua
[11:45:25.696][info] [#0:script/workspace/loading.lua:113]: ++++As library of:	file:///opt/homebrew/Cellar/neovim/0.9.4/share/nvim/runtime/lua
[11:45:25.696][info] [#0:script/workspace/loading.lua:89]: Skip loaded file: file:///opt/homebrew/Cellar/neovim/0.9.4/share/nvim/runtime/lua/vim/lsp/util.lua
[11:45:25.697][info] [#0:script/workspace/loading.lua:113]: ++++As library of:	file:///opt/homebrew/Cellar/neovim/0.9.4/share/nvim/runtime/lua
[11:45:25.697][info] [#0:script/workspace/loading.lua:89]: Skip loaded file: file:///opt/homebrew/Cellar/neovim/0.9.4/share/nvim/runtime/lua/vim/lsp/buf.lua
[11:45:25.697][info] [#0:script/workspace/loading.lua:113]: ++++As library of:	file:///opt/homebrew/Cellar/neovim/0.9.4/share/nvim/runtime/lua
[11:45:25.697][info] [#0:script/workspace/loading.lua:89]: Skip loaded file: file:///opt/homebrew/Cellar/neovim/0.9.4/share/nvim/runtime/lua/vim/lsp/buf.lua
[11:45:25.697][info] [#0:script/workspace/loading.lua:113]: ++++As library of:	file:///opt/homebrew/Cellar/neovim/0.9.4/share/nvim/runtime/lua
[11:45:25.697][info] [#0:script/workspace/loading.lua:89]: Skip loaded file: file:///opt/homebrew/Cellar/neovim/0.9.4/share/nvim/runtime/lua/vim/lsp/_snippet.lua
[11:45:25.697][info] [#0:script/workspace/loading.lua:113]: ++++As library of:	file:///opt/homebrew/Cellar/neovim/0.9.4/share/nvim/runtime/lua
[11:45:25.697][info] [#0:script/workspace/loading.lua:89]: Skip loaded file: file:///opt/homebrew/Cellar/neovim/0.9.4/share/nvim/runtime/lua/vim/lsp/_snippet.lua
[11:45:25.697][info] [#0:script/workspace/loading.lua:113]: ++++As library of:	file:///opt/homebrew/Cellar/neovim/0.9.4/share/nvim/runtime/lua
[11:45:25.697][info] [#0:script/workspace/loading.lua:89]: Skip loaded file: file:///opt/homebrew/Cellar/neovim/0.9.4/share/nvim/runtime/lua/vim/lsp/handlers.lua
[11:45:25.697][info] [#0:script/workspace/loading.lua:113]: ++++As library of:	file:///opt/homebrew/Cellar/neovim/0.9.4/share/nvim/runtime/lua
[11:45:25.697][info] [#0:script/workspace/loading.lua:89]: Skip loaded file: file:///opt/homebrew/Cellar/neovim/0.9.4/share/nvim/runtime/lua/vim/lsp/handlers.lua
[11:45:25.697][info] [#0:script/workspace/loading.lua:113]: ++++As library of:	file:///opt/homebrew/Cellar/neovim/0.9.4/share/nvim/runtime/lua
[11:45:25.697][info] [#0:script/workspace/loading.lua:89]: Skip loaded file: file:///opt/homebrew/Cellar/neovim/0.9.4/share/nvim/runtime/lua/vim/lsp/rpc.lua
[11:45:25.697][info] [#0:script/workspace/loading.lua:113]: ++++As library of:	file:///opt/homebrew/Cellar/neovim/0.9.4/share/nvim/runtime/lua
[11:45:25.697][info] [#0:script/workspace/loading.lua:89]: Skip loaded file: file:///opt/homebrew/Cellar/neovim/0.9.4/share/nvim/runtime/lua/vim/lsp/rpc.lua
[11:45:25.697][info] [#0:script/workspace/loading.lua:113]: ++++As library of:	file:///opt/homebrew/Cellar/neovim/0.9.4/share/nvim/runtime/lua
[11:45:25.697][info] [#0:script/workspace/loading.lua:89]: Skip loaded file: file:///opt/homebrew/Cellar/neovim/0.9.4/share/nvim/runtime/lua/vim/lsp/semantic_tokens.lua
[11:45:25.697][info] [#0:script/workspace/loading.lua:113]: ++++As library of:	file:///opt/homebrew/Cellar/neovim/0.9.4/share/nvim/runtime/lua
[11:45:25.697][info] [#0:script/workspace/loading.lua:89]: Skip loaded file: file:///opt/homebrew/Cellar/neovim/0.9.4/share/nvim/runtime/lua/vim/lsp/semantic_tokens.lua
[11:45:25.697][info] [#0:script/workspace/loading.lua:113]: ++++As library of:	file:///opt/homebrew/Cellar/neovim/0.9.4/share/nvim/runtime/lua
[11:45:25.697][info] [#0:script/workspace/loading.lua:89]: Skip loaded file: file:///opt/homebrew/Cellar/neovim/0.9.4/share/nvim/runtime/lua/vim/lsp/tagfunc.lua
[11:45:25.697][info] [#0:script/workspace/loading.lua:113]: ++++As library of:	file:///opt/homebrew/Cellar/neovim/0.9.4/share/nvim/runtime/lua
[11:45:25.697][info] [#0:script/workspace/loading.lua:89]: Skip loaded file: file:///opt/homebrew/Cellar/neovim/0.9.4/share/nvim/runtime/lua/vim/lsp/tagfunc.lua
[11:45:25.697][info] [#0:script/workspace/loading.lua:113]: ++++As library of:	file:///opt/homebrew/Cellar/neovim/0.9.4/share/nvim/runtime/lua
[11:45:25.697][info] [#0:script/workspace/loading.lua:101]: Preload file at: file:///opt/homebrew/Cellar/neovim/0.9.4/share/nvim/runtime/lua/vim/fs.lua , size = 10.702 KB
[11:45:25.708][info] [#0:script/workspace/loading.lua:113]: ++++As library of:	file:///opt/homebrew/Cellar/neovim/0.9.4/share/nvim/runtime/lua
[11:45:25.708][info] [#0:script/workspace/loading.lua:98]: Skip loaded file: file:///opt/homebrew/Cellar/neovim/0.9.4/share/nvim/runtime/lua/vim/fs.lua
[11:45:25.708][info] [#0:script/workspace/loading.lua:101]: Preload file at: file:///opt/homebrew/Cellar/neovim/0.9.4/share/nvim/runtime/lua/vim/inspect.lua , size = 8.864 KB
[11:45:25.712][info] [#0:script/workspace/loading.lua:113]: ++++As library of:	file:///opt/homebrew/Cellar/neovim/0.9.4/share/nvim/runtime/lua
[11:45:25.712][info] [#0:script/workspace/loading.lua:98]: Skip loaded file: file:///opt/homebrew/Cellar/neovim/0.9.4/share/nvim/runtime/lua/vim/inspect.lua
[11:45:25.712][info] [#0:script/workspace/loading.lua:101]: Preload file at: file:///opt/homebrew/Cellar/neovim/0.9.4/share/nvim/runtime/lua/vim/lsp.lua , size = 82.377 KB
[11:45:25.735][info] [#0:script/workspace/loading.lua:113]: ++++As library of:	file:///opt/homebrew/Cellar/neovim/0.9.4/share/nvim/runtime/lua
[11:45:25.735][info] [#0:script/workspace/loading.lua:98]: Skip loaded file: file:///opt/homebrew/Cellar/neovim/0.9.4/share/nvim/runtime/lua/vim/lsp.lua
[11:45:25.735][info] [#0:script/workspace/loading.lua:101]: Preload file at: file:///opt/homebrew/Cellar/neovim/0.9.4/share/nvim/runtime/lua/vim/filetype/detect.lua , size = 47.659 KB
[11:45:25.750][info] [#0:script/workspace/loading.lua:113]: ++++As library of:	file:///opt/homebrew/Cellar/neovim/0.9.4/share/nvim/runtime/lua
[11:45:25.750][info] [#0:script/workspace/loading.lua:98]: Skip loaded file: file:///opt/homebrew/Cellar/neovim/0.9.4/share/nvim/runtime/lua/vim/filetype/detect.lua
[11:45:25.750][info] [#0:script/workspace/loading.lua:101]: Preload file at: file:///opt/homebrew/Cellar/neovim/0.9.4/share/nvim/runtime/lua/vim/filetype/options.lua , size = 2.561 KB
[11:45:25.752][info] [#0:script/workspace/loading.lua:113]: ++++As library of:	file:///opt/homebrew/Cellar/neovim/0.9.4/share/nvim/runtime/lua
[11:45:25.752][info] [#0:script/workspace/loading.lua:89]: Skip loaded file: file:///opt/homebrew/Cellar/neovim/0.9.4/share/nvim/runtime/lua/vim/filetype/options.lua
[11:45:25.752][info] [#0:script/workspace/loading.lua:113]: ++++As library of:	file:///opt/homebrew/Cellar/neovim/0.9.4/share/nvim/runtime/lua
[11:45:25.752][info] [#0:script/workspace/loading.lua:101]: Preload file at: file:///opt/homebrew/Cellar/neovim/0.9.4/share/nvim/runtime/lua/vim/_options.lua , size = 12.261 KB
[11:45:25.757][info] [#0:script/workspace/loading.lua:113]: ++++As library of:	file:///opt/homebrew/Cellar/neovim/0.9.4/share/nvim/runtime/lua
[11:45:25.757][info] [#0:script/workspace/loading.lua:98]: Skip loaded file: file:///opt/homebrew/Cellar/neovim/0.9.4/share/nvim/runtime/lua/vim/_options.lua
[11:45:25.757][info] [#0:script/workspace/loading.lua:101]: Preload file at: file:///opt/homebrew/Cellar/neovim/0.9.4/share/nvim/runtime/lua/vim/version.lua , size = 12.146 KB
[11:45:25.762][info] [#0:script/workspace/loading.lua:113]: ++++As library of:	file:///opt/homebrew/Cellar/neovim/0.9.4/share/nvim/runtime/lua
[11:45:25.762][info] [#0:script/workspace/loading.lua:98]: Skip loaded file: file:///opt/homebrew/Cellar/neovim/0.9.4/share/nvim/runtime/lua/vim/version.lua
[11:45:25.762][info] [#0:script/workspace/loading.lua:101]: Preload file at: file:///opt/homebrew/Cellar/neovim/0.9.4/share/nvim/runtime/lua/vim/uri.lua , size = 3.376 KB
[11:45:25.764][info] [#0:script/workspace/loading.lua:113]: ++++As library of:	file:///opt/homebrew/Cellar/neovim/0.9.4/share/nvim/runtime/lua
[11:45:25.764][info] [#0:script/workspace/loading.lua:98]: Skip loaded file: file:///opt/homebrew/Cellar/neovim/0.9.4/share/nvim/runtime/lua/vim/uri.lua
[11:45:25.764][info] [#0:script/workspace/loading.lua:101]: Preload file at: file:///opt/homebrew/Cellar/neovim/0.9.4/share/nvim/runtime/lua/vim/treesitter.lua , size = 15.225 KB
[11:45:25.769][info] [#0:script/workspace/loading.lua:113]: ++++As library of:	file:///opt/homebrew/Cellar/neovim/0.9.4/share/nvim/runtime/lua
[11:45:25.769][info] [#0:script/workspace/loading.lua:98]: Skip loaded file: file:///opt/homebrew/Cellar/neovim/0.9.4/share/nvim/runtime/lua/vim/treesitter.lua
[11:45:25.769][info] [#0:script/workspace/loading.lua:101]: Preload file at: file:///opt/homebrew/Cellar/neovim/0.9.4/share/nvim/runtime/lua/vim/ui.lua , size = 3.672 KB
[11:45:25.770][info] [#0:script/workspace/loading.lua:113]: ++++As library of:	file:///opt/homebrew/Cellar/neovim/0.9.4/share/nvim/runtime/lua
[11:45:25.770][info] [#0:script/workspace/loading.lua:98]: Skip loaded file: file:///opt/homebrew/Cellar/neovim/0.9.4/share/nvim/runtime/lua/vim/ui.lua
[11:45:25.770][info] [#0:script/workspace/loading.lua:101]: Preload file at: file:///opt/homebrew/Cellar/neovim/0.9.4/share/nvim/runtime/lua/vim/_init_packages.lua , size = 2.773 KB
[11:45:25.772][info] [#0:script/workspace/loading.lua:113]: ++++As library of:	file:///opt/homebrew/Cellar/neovim/0.9.4/share/nvim/runtime/lua
[11:45:25.772][info] [#0:script/workspace/loading.lua:89]: Skip loaded file: file:///opt/homebrew/Cellar/neovim/0.9.4/share/nvim/runtime/lua/vim/_init_packages.lua
[11:45:25.772][info] [#0:script/workspace/loading.lua:113]: ++++As library of:	file:///opt/homebrew/Cellar/neovim/0.9.4/share/nvim/runtime/lua
[11:45:25.772][info] [#0:script/workspace/loading.lua:101]: Preload file at: file:///opt/homebrew/Cellar/neovim/0.9.4/share/nvim/runtime/lua/vim/filetype.lua , size = 74.400 KB
[11:45:25.794][info] [#0:script/workspace/loading.lua:113]: ++++As library of:	file:///opt/homebrew/Cellar/neovim/0.9.4/share/nvim/runtime/lua
[11:45:25.794][info] [#0:script/workspace/loading.lua:98]: Skip loaded file: file:///opt/homebrew/Cellar/neovim/0.9.4/share/nvim/runtime/lua/vim/filetype.lua
[11:45:25.794][info] [#0:script/workspace/loading.lua:101]: Preload file at: file:///opt/homebrew/Cellar/neovim/0.9.4/share/nvim/runtime/lua/vim/_watch.lua , size = 5.387 KB
[11:45:25.796][info] [#0:script/workspace/loading.lua:113]: ++++As library of:	file:///opt/homebrew/Cellar/neovim/0.9.4/share/nvim/runtime/lua
[11:45:25.796][info] [#0:script/workspace/loading.lua:98]: Skip loaded file: file:///opt/homebrew/Cellar/neovim/0.9.4/share/nvim/runtime/lua/vim/_watch.lua
[11:45:25.796][info] [#0:script/workspace/loading.lua:101]: Preload file at: file:///opt/homebrew/Cellar/neovim/0.9.4/share/nvim/runtime/lua/vim/F.lua , size = 0.824 KB
[11:45:25.797][info] [#0:script/workspace/loading.lua:113]: ++++As library of:	file:///opt/homebrew/Cellar/neovim/0.9.4/share/nvim/runtime/lua
[11:45:25.797][info] [#0:script/workspace/loading.lua:98]: Skip loaded file: file:///opt/homebrew/Cellar/neovim/0.9.4/share/nvim/runtime/lua/vim/F.lua
[11:45:25.797][info] [#0:script/workspace/loading.lua:101]: Preload file at: file:///opt/homebrew/Cellar/neovim/0.9.4/share/nvim/runtime/lua/nvim/health.lua , size = 12.706 KB
[11:45:25.801][info] [#0:script/workspace/loading.lua:113]: ++++As library of:	file:///opt/homebrew/Cellar/neovim/0.9.4/share/nvim/runtime/lua
[11:45:25.801][info] [#0:script/workspace/loading.lua:98]: Skip loaded file: file:///opt/homebrew/Cellar/neovim/0.9.4/share/nvim/runtime/lua/nvim/health.lua
[11:45:25.801][info] [#0:script/workspace/loading.lua:101]: Preload file at: file:///opt/homebrew/Cellar/neovim/0.9.4/share/nvim/runtime/lua/man.lua , size = 25.082 KB
[11:45:25.810][info] [#0:script/workspace/loading.lua:113]: ++++As library of:	file:///opt/homebrew/Cellar/neovim/0.9.4/share/nvim/runtime/lua
[11:45:25.810][info] [#0:script/workspace/loading.lua:98]: Skip loaded file: file:///opt/homebrew/Cellar/neovim/0.9.4/share/nvim/runtime/lua/man.lua
[11:45:25.810][info] [#0:script/workspace/loading.lua:101]: Preload file at: file:///opt/homebrew/Cellar/neovim/0.9.4/share/nvim/runtime/lua/_vim9script.lua , size = 15.439 KB
[11:45:25.828][info] [#0:script/workspace/loading.lua:113]: ++++As library of:	file:///opt/homebrew/Cellar/neovim/0.9.4/share/nvim/runtime/lua
[11:45:25.828][info] [#0:script/workspace/loading.lua:98]: Skip loaded file: file:///opt/homebrew/Cellar/neovim/0.9.4/share/nvim/runtime/lua/_vim9script.lua
[11:45:25.828][info] [#0:script/workspace/loading.lua:101]: Preload file at: file:///opt/homebrew/Cellar/neovim/0.9.4/share/nvim/runtime/lua/editorconfig.lua , size = 7.479 KB
[11:45:25.831][info] [#0:script/workspace/loading.lua:113]: ++++As library of:	file:///opt/homebrew/Cellar/neovim/0.9.4/share/nvim/runtime/lua
[11:45:25.831][info] [#0:script/workspace/loading.lua:98]: Skip loaded file: file:///opt/homebrew/Cellar/neovim/0.9.4/share/nvim/runtime/lua/editorconfig.lua
[11:45:25.831][info] [#0:script/workspace/loading.lua:101]: Preload file at: file:///Users/rodrigogarcia/.local/share/nvim/lazy/lazy.nvim/lua/lazy/init.lua , size = 3.717 KB
[11:45:25.833][info] [#0:script/workspace/loading.lua:113]: ++++As library of:	file:///Users/rodrigogarcia/.local/share/nvim/lazy/lazy.nvim/lua/lazy
[11:45:25.833][info] [#0:script/workspace/loading.lua:98]: Skip loaded file: file:///Users/rodrigogarcia/.local/share/nvim/lazy/lazy.nvim/lua/lazy/init.lua
[11:45:25.833][info] [#0:script/workspace/loading.lua:101]: Preload file at: file:///Users/rodrigogarcia/.local/share/nvim/lazy/lazy.nvim/lua/lazy/core/loader.lua , size = 13.699 KB
[11:45:25.839][info] [#0:script/workspace/loading.lua:113]: ++++As library of:	file:///Users/rodrigogarcia/.local/share/nvim/lazy/lazy.nvim/lua/lazy
[11:45:25.839][info] [#0:script/workspace/loading.lua:98]: Skip loaded file: file:///Users/rodrigogarcia/.local/share/nvim/lazy/lazy.nvim/lua/lazy/core/loader.lua
[11:45:25.839][info] [#0:script/workspace/loading.lua:101]: Preload file at: file:///Users/rodrigogarcia/.local/share/nvim/lazy/lazy.nvim/lua/lazy/core/handler/event.lua , size = 4.860 KB
[11:45:25.841][info] [#0:script/workspace/loading.lua:113]: ++++As library of:	file:///Users/rodrigogarcia/.local/share/nvim/lazy/lazy.nvim/lua/lazy
[11:45:25.841][info] [#0:script/workspace/loading.lua:98]: Skip loaded file: file:///Users/rodrigogarcia/.local/share/nvim/lazy/lazy.nvim/lua/lazy/core/handler/event.lua
[11:45:25.841][info] [#0:script/workspace/loading.lua:101]: Preload file at: file:///Users/rodrigogarcia/.local/share/nvim/lazy/lazy.nvim/lua/lazy/core/handler/init.lua , size = 3.126 KB
[11:45:25.843][info] [#0:script/workspace/loading.lua:113]: ++++As library of:	file:///Users/rodrigogarcia/.local/share/nvim/lazy/lazy.nvim/lua/lazy
[11:45:25.843][info] [#0:script/workspace/loading.lua:98]: Skip loaded file: file:///Users/rodrigogarcia/.local/share/nvim/lazy/lazy.nvim/lua/lazy/core/handler/init.lua
[11:45:25.843][info] [#0:script/workspace/loading.lua:101]: Preload file at: file:///Users/rodrigogarcia/.local/share/nvim/lazy/lazy.nvim/lua/lazy/core/handler/keys.lua , size = 4.595 KB
[11:45:25.846][info] [#0:script/workspace/loading.lua:113]: ++++As library of:	file:///Users/rodrigogarcia/.local/share/nvim/lazy/lazy.nvim/lua/lazy
[11:45:25.846][info] [#0:script/workspace/loading.lua:98]: Skip loaded file: file:///Users/rodrigogarcia/.local/share/nvim/lazy/lazy.nvim/lua/lazy/core/handler/keys.lua
[11:45:25.846][info] [#0:script/workspace/loading.lua:101]: Preload file at: file:///Users/rodrigogarcia/.local/share/nvim/lazy/lazy.nvim/lua/lazy/core/handler/ft.lua , size = 0.442 KB
[11:45:25.846][info] [#0:script/workspace/loading.lua:113]: ++++As library of:	file:///Users/rodrigogarcia/.local/share/nvim/lazy/lazy.nvim/lua/lazy
[11:45:25.846][info] [#0:script/workspace/loading.lua:101]: Preload file at: file:///Users/rodrigogarcia/.local/share/nvim/lazy/lazy.nvim/lua/lazy/core/handler/cmd.lua , size = 1.638 KB
[11:45:25.847][info] [#0:script/workspace/loading.lua:113]: ++++As library of:	file:///Users/rodrigogarcia/.local/share/nvim/lazy/lazy.nvim/lua/lazy
[11:45:25.847][info] [#0:script/workspace/loading.lua:98]: Skip loaded file: file:///Users/rodrigogarcia/.local/share/nvim/lazy/lazy.nvim/lua/lazy/core/handler/ft.lua
[11:45:25.847][info] [#0:script/workspace/loading.lua:98]: Skip loaded file: file:///Users/rodrigogarcia/.local/share/nvim/lazy/lazy.nvim/lua/lazy/core/handler/cmd.lua
[11:45:25.847][info] [#0:script/workspace/loading.lua:101]: Preload file at: file:///Users/rodrigogarcia/.local/share/nvim/lazy/lazy.nvim/lua/lazy/core/cache.lua , size = 16.600 KB
[11:45:25.854][info] [#0:script/workspace/loading.lua:113]: ++++As library of:	file:///Users/rodrigogarcia/.local/share/nvim/lazy/lazy.nvim/lua/lazy
[11:45:25.854][info] [#0:script/workspace/loading.lua:98]: Skip loaded file: file:///Users/rodrigogarcia/.local/share/nvim/lazy/lazy.nvim/lua/lazy/core/cache.lua
[11:45:25.854][info] [#0:script/workspace/loading.lua:101]: Preload file at: file:///Users/rodrigogarcia/.local/share/nvim/lazy/lazy.nvim/lua/lazy/core/plugin.lua , size = 16.926 KB
[11:45:25.862][info] [#0:script/workspace/loading.lua:113]: ++++As library of:	file:///Users/rodrigogarcia/.local/share/nvim/lazy/lazy.nvim/lua/lazy
[11:45:25.862][info] [#0:script/workspace/loading.lua:89]: Skip loaded file: file:///Users/rodrigogarcia/.local/share/nvim/lazy/lazy.nvim/lua/lazy/core/plugin.lua
[11:45:25.862][info] [#0:script/workspace/loading.lua:113]: ++++As library of:	file:///Users/rodrigogarcia/.local/share/nvim/lazy/lazy.nvim/lua/lazy
[11:45:25.862][info] [#0:script/workspace/loading.lua:101]: Preload file at: file:///Users/rodrigogarcia/.local/share/nvim/lazy/lazy.nvim/lua/lazy/core/config.lua , size = 8.866 KB
[11:45:25.865][info] [#0:script/workspace/loading.lua:113]: ++++As library of:	file:///Users/rodrigogarcia/.local/share/nvim/lazy/lazy.nvim/lua/lazy
[11:45:25.865][info] [#0:script/workspace/loading.lua:98]: Skip loaded file: file:///Users/rodrigogarcia/.local/share/nvim/lazy/lazy.nvim/lua/lazy/core/config.lua
[11:45:25.865][info] [#0:script/workspace/loading.lua:101]: Preload file at: file:///Users/rodrigogarcia/.local/share/nvim/lazy/lazy.nvim/lua/lazy/core/util.lua , size = 10.683 KB
[11:45:25.870][info] [#0:script/workspace/loading.lua:113]: ++++As library of:	file:///Users/rodrigogarcia/.local/share/nvim/lazy/lazy.nvim/lua/lazy
[11:45:25.870][info] [#0:script/workspace/loading.lua:98]: Skip loaded file: file:///Users/rodrigogarcia/.local/share/nvim/lazy/lazy.nvim/lua/lazy/core/util.lua
[11:45:25.870][info] [#0:script/workspace/loading.lua:101]: Preload file at: file:///Users/rodrigogarcia/.local/share/nvim/lazy/lazy.nvim/lua/lazy/health.lua , size = 3.313 KB
[11:45:25.872][info] [#0:script/workspace/loading.lua:113]: ++++As library of:	file:///Users/rodrigogarcia/.local/share/nvim/lazy/lazy.nvim/lua/lazy
[11:45:25.872][info] [#0:script/workspace/loading.lua:98]: Skip loaded file: file:///Users/rodrigogarcia/.local/share/nvim/lazy/lazy.nvim/lua/lazy/health.lua
[11:45:25.872][info] [#0:script/workspace/loading.lua:101]: Preload file at: file:///Users/rodrigogarcia/.local/share/nvim/lazy/lazy.nvim/lua/lazy/state.lua , size = 0.859 KB
[11:45:25.872][info] [#0:script/workspace/loading.lua:113]: ++++As library of:	file:///Users/rodrigogarcia/.local/share/nvim/lazy/lazy.nvim/lua/lazy
[11:45:25.872][info] [#0:script/workspace/loading.lua:98]: Skip loaded file: file:///Users/rodrigogarcia/.local/share/nvim/lazy/lazy.nvim/lua/lazy/state.lua
[11:45:25.872][info] [#0:script/workspace/loading.lua:101]: Preload file at: file:///Users/rodrigogarcia/.local/share/nvim/lazy/lazy.nvim/lua/lazy/stats.lua , size = 2.068 KB
[11:45:25.873][info] [#0:script/workspace/loading.lua:113]: ++++As library of:	file:///Users/rodrigogarcia/.local/share/nvim/lazy/lazy.nvim/lua/lazy
[11:45:25.873][info] [#0:script/workspace/loading.lua:98]: Skip loaded file: file:///Users/rodrigogarcia/.local/share/nvim/lazy/lazy.nvim/lua/lazy/stats.lua
[11:45:25.873][info] [#0:script/workspace/loading.lua:101]: Preload file at: file:///Users/rodrigogarcia/.local/share/nvim/lazy/lazy.nvim/lua/lazy/status.lua , size = 0.353 KB
[11:45:25.873][info] [#0:script/workspace/loading.lua:113]: ++++As library of:	file:///Users/rodrigogarcia/.local/share/nvim/lazy/lazy.nvim/lua/lazy
[11:45:25.874][info] [#0:script/workspace/loading.lua:98]: Skip loaded file: file:///Users/rodrigogarcia/.local/share/nvim/lazy/lazy.nvim/lua/lazy/status.lua
[11:45:25.874][info] [#0:script/workspace/loading.lua:101]: Preload file at: file:///Users/rodrigogarcia/.local/share/nvim/lazy/lazy.nvim/lua/lazy/help.lua , size = 2.242 KB
[11:45:25.875][info] [#0:script/workspace/loading.lua:113]: ++++As library of:	file:///Users/rodrigogarcia/.local/share/nvim/lazy/lazy.nvim/lua/lazy
[11:45:25.875][info] [#0:script/workspace/loading.lua:98]: Skip loaded file: file:///Users/rodrigogarcia/.local/share/nvim/lazy/lazy.nvim/lua/lazy/help.lua
[11:45:25.875][info] [#0:script/workspace/loading.lua:101]: Preload file at: file:///Users/rodrigogarcia/.local/share/nvim/lazy/lazy.nvim/lua/lazy/view/init.lua , size = 7.479 KB
[11:45:25.879][info] [#0:script/workspace/loading.lua:113]: ++++As library of:	file:///Users/rodrigogarcia/.local/share/nvim/lazy/lazy.nvim/lua/lazy
[11:45:25.879][info] [#0:script/workspace/loading.lua:98]: Skip loaded file: file:///Users/rodrigogarcia/.local/share/nvim/lazy/lazy.nvim/lua/lazy/view/init.lua
[11:45:25.879][info] [#0:script/workspace/loading.lua:101]: Preload file at: file:///Users/rodrigogarcia/.local/share/nvim/lazy/lazy.nvim/lua/lazy/view/colors.lua , size = 1.526 KB
[11:45:25.879][info] [#0:script/workspace/loading.lua:113]: ++++As library of:	file:///Users/rodrigogarcia/.local/share/nvim/lazy/lazy.nvim/lua/lazy
[11:45:25.879][info] [#0:script/workspace/loading.lua:98]: Skip loaded file: file:///Users/rodrigogarcia/.local/share/nvim/lazy/lazy.nvim/lua/lazy/view/colors.lua
[11:45:25.879][info] [#0:script/workspace/loading.lua:101]: Preload file at: file:///Users/rodrigogarcia/.local/share/nvim/lazy/lazy.nvim/lua/lazy/view/diff.lua , size = 1.585 KB
[11:45:25.880][info] [#0:script/workspace/loading.lua:113]: ++++As library of:	file:///Users/rodrigogarcia/.local/share/nvim/lazy/lazy.nvim/lua/lazy
[11:45:25.880][info] [#0:script/workspace/loading.lua:98]: Skip loaded file: file:///Users/rodrigogarcia/.local/share/nvim/lazy/lazy.nvim/lua/lazy/view/diff.lua
[11:45:25.881][info] [#0:script/workspace/loading.lua:101]: Preload file at: file:///Users/rodrigogarcia/.local/share/nvim/lazy/lazy.nvim/lua/lazy/view/float.lua , size = 7.009 KB
[11:45:25.885][info] [#0:script/workspace/loading.lua:113]: ++++As library of:	file:///Users/rodrigogarcia/.local/share/nvim/lazy/lazy.nvim/lua/lazy
[11:45:25.885][info] [#0:script/workspace/loading.lua:98]: Skip loaded file: file:///Users/rodrigogarcia/.local/share/nvim/lazy/lazy.nvim/lua/lazy/view/float.lua
[11:45:25.885][info] [#0:script/workspace/loading.lua:101]: Preload file at: file:///Users/rodrigogarcia/.local/share/nvim/lazy/lazy.nvim/lua/lazy/view/sections.lua , size = 2.362 KB
[11:45:25.886][info] [#0:script/workspace/loading.lua:113]: ++++As library of:	file:///Users/rodrigogarcia/.local/share/nvim/lazy/lazy.nvim/lua/lazy
[11:45:25.886][info] [#0:script/workspace/loading.lua:98]: Skip loaded file: file:///Users/rodrigogarcia/.local/share/nvim/lazy/lazy.nvim/lua/lazy/view/sections.lua
[11:45:25.886][info] [#0:script/workspace/loading.lua:101]: Preload file at: file:///Users/rodrigogarcia/.local/share/nvim/lazy/lazy.nvim/lua/lazy/view/config.lua , size = 3.462 KB
[11:45:25.887][info] [#0:script/workspace/loading.lua:113]: ++++As library of:	file:///Users/rodrigogarcia/.local/share/nvim/lazy/lazy.nvim/lua/lazy
[11:45:25.887][info] [#0:script/workspace/loading.lua:98]: Skip loaded file: file:///Users/rodrigogarcia/.local/share/nvim/lazy/lazy.nvim/lua/lazy/view/config.lua
[11:45:25.887][info] [#0:script/workspace/loading.lua:101]: Preload file at: file:///Users/rodrigogarcia/.local/share/nvim/lazy/lazy.nvim/lua/lazy/view/commands.lua , size = 3.386 KB
[11:45:25.889][info] [#0:script/workspace/loading.lua:113]: ++++As library of:	file:///Users/rodrigogarcia/.local/share/nvim/lazy/lazy.nvim/lua/lazy
[11:45:25.889][info] [#0:script/workspace/loading.lua:98]: Skip loaded file: file:///Users/rodrigogarcia/.local/share/nvim/lazy/lazy.nvim/lua/lazy/view/commands.lua
[11:45:25.889][info] [#0:script/workspace/loading.lua:101]: Preload file at: file:///Users/rodrigogarcia/.local/share/nvim/lazy/lazy.nvim/lua/lazy/view/render.lua , size = 21.168 KB
[11:45:25.899][info] [#0:script/workspace/loading.lua:113]: ++++As library of:	file:///Users/rodrigogarcia/.local/share/nvim/lazy/lazy.nvim/lua/lazy
[11:45:25.899][info] [#0:script/workspace/loading.lua:98]: Skip loaded file: file:///Users/rodrigogarcia/.local/share/nvim/lazy/lazy.nvim/lua/lazy/view/render.lua
[11:45:25.899][info] [#0:script/workspace/loading.lua:101]: Preload file at: file:///Users/rodrigogarcia/.local/share/nvim/lazy/lazy.nvim/lua/lazy/view/text.lua , size = 3.820 KB
[11:45:25.902][info] [#0:script/workspace/loading.lua:113]: ++++As library of:	file:///Users/rodrigogarcia/.local/share/nvim/lazy/lazy.nvim/lua/lazy
[11:45:25.902][info] [#0:script/workspace/loading.lua:89]: Skip loaded file: file:///Users/rodrigogarcia/.local/share/nvim/lazy/lazy.nvim/lua/lazy/view/text.lua
[11:45:25.902][info] [#0:script/workspace/loading.lua:113]: ++++As library of:	file:///Users/rodrigogarcia/.local/share/nvim/lazy/lazy.nvim/lua/lazy
[11:45:25.902][info] [#0:script/workspace/loading.lua:101]: Preload file at: file:///Users/rodrigogarcia/.local/share/nvim/lazy/lazy.nvim/lua/lazy/docs.lua , size = 4.453 KB
[11:45:25.904][info] [#0:script/workspace/loading.lua:113]: ++++As library of:	file:///Users/rodrigogarcia/.local/share/nvim/lazy/lazy.nvim/lua/lazy
[11:45:25.904][info] [#0:script/workspace/loading.lua:98]: Skip loaded file: file:///Users/rodrigogarcia/.local/share/nvim/lazy/lazy.nvim/lua/lazy/docs.lua
[11:45:25.904][info] [#0:script/workspace/loading.lua:101]: Preload file at: file:///Users/rodrigogarcia/.local/share/nvim/lazy/lazy.nvim/lua/lazy/manage/init.lua , size = 5.484 KB
[11:45:25.907][info] [#0:script/workspace/loading.lua:113]: ++++As library of:	file:///Users/rodrigogarcia/.local/share/nvim/lazy/lazy.nvim/lua/lazy
[11:45:25.907][info] [#0:script/workspace/loading.lua:98]: Skip loaded file: file:///Users/rodrigogarcia/.local/share/nvim/lazy/lazy.nvim/lua/lazy/manage/init.lua
[11:45:25.907][info] [#0:script/workspace/loading.lua:101]: Preload file at: file:///Users/rodrigogarcia/.local/share/nvim/lazy/lazy.nvim/lua/lazy/manage/git.lua , size = 6.040 KB
[11:45:25.910][info] [#0:script/workspace/loading.lua:113]: ++++As library of:	file:///Users/rodrigogarcia/.local/share/nvim/lazy/lazy.nvim/lua/lazy
[11:45:25.910][info] [#0:script/workspace/loading.lua:98]: Skip loaded file: file:///Users/rodrigogarcia/.local/share/nvim/lazy/lazy.nvim/lua/lazy/manage/git.lua
[11:45:25.910][info] [#0:script/workspace/loading.lua:101]: Preload file at: file:///Users/rodrigogarcia/.local/share/nvim/lazy/lazy.nvim/lua/lazy/manage/reloader.lua , size = 2.487 KB
[11:45:25.911][info] [#0:script/workspace/loading.lua:113]: ++++As library of:	file:///Users/rodrigogarcia/.local/share/nvim/lazy/lazy.nvim/lua/lazy
[11:45:25.911][info] [#0:script/workspace/loading.lua:89]: Skip loaded file: file:///Users/rodrigogarcia/.local/share/nvim/lazy/lazy.nvim/lua/lazy/manage/reloader.lua
[11:45:25.911][info] [#0:script/workspace/loading.lua:113]: ++++As library of:	file:///Users/rodrigogarcia/.local/share/nvim/lazy/lazy.nvim/lua/lazy
[11:45:25.911][info] [#0:script/workspace/loading.lua:101]: Preload file at: file:///Users/rodrigogarcia/.local/share/nvim/lazy/lazy.nvim/lua/lazy/manage/lock.lua , size = 1.811 KB
[11:45:25.912][info] [#0:script/workspace/loading.lua:113]: ++++As library of:	file:///Users/rodrigogarcia/.local/share/nvim/lazy/lazy.nvim/lua/lazy
[11:45:25.913][info] [#0:script/workspace/loading.lua:98]: Skip loaded file: file:///Users/rodrigogarcia/.local/share/nvim/lazy/lazy.nvim/lua/lazy/manage/lock.lua
[11:45:25.913][info] [#0:script/workspace/loading.lua:101]: Preload file at: file:///Users/rodrigogarcia/.local/share/nvim/lazy/lazy.nvim/lua/lazy/manage/checker.lua , size = 2.306 KB
[11:45:25.914][info] [#0:script/workspace/loading.lua:113]: ++++As library of:	file:///Users/rodrigogarcia/.local/share/nvim/lazy/lazy.nvim/lua/lazy
[11:45:25.914][info] [#0:script/workspace/loading.lua:89]: Skip loaded file: file:///Users/rodrigogarcia/.local/share/nvim/lazy/lazy.nvim/lua/lazy/manage/checker.lua
[11:45:25.914][info] [#0:script/workspace/loading.lua:113]: ++++As library of:	file:///Users/rodrigogarcia/.local/share/nvim/lazy/lazy.nvim/lua/lazy
[11:45:25.914][info] [#0:script/workspace/loading.lua:101]: Preload file at: file:///Users/rodrigogarcia/.local/share/nvim/lazy/lazy.nvim/lua/lazy/manage/task/init.lua , size = 3.822 KB
[11:45:25.916][info] [#0:script/workspace/loading.lua:113]: ++++As library of:	file:///Users/rodrigogarcia/.local/share/nvim/lazy/lazy.nvim/lua/lazy
[11:45:25.916][info] [#0:script/workspace/loading.lua:98]: Skip loaded file: file:///Users/rodrigogarcia/.local/share/nvim/lazy/lazy.nvim/lua/lazy/manage/task/init.lua
[11:45:25.916][info] [#0:script/workspace/loading.lua:101]: Preload file at: file:///Users/rodrigogarcia/.local/share/nvim/lazy/lazy.nvim/lua/lazy/manage/task/git.lua , size = 7.983 KB
[11:45:25.919][info] [#0:script/workspace/loading.lua:113]: ++++As library of:	file:///Users/rodrigogarcia/.local/share/nvim/lazy/lazy.nvim/lua/lazy
[11:45:25.919][info] [#0:script/workspace/loading.lua:98]: Skip loaded file: file:///Users/rodrigogarcia/.local/share/nvim/lazy/lazy.nvim/lua/lazy/manage/task/git.lua
[11:45:25.919][info] [#0:script/workspace/loading.lua:101]: Preload file at: file:///Users/rodrigogarcia/.local/share/nvim/lazy/lazy.nvim/lua/lazy/manage/task/plugin.lua , size = 2.385 KB
[11:45:25.920][info] [#0:script/workspace/loading.lua:113]: ++++As library of:	file:///Users/rodrigogarcia/.local/share/nvim/lazy/lazy.nvim/lua/lazy
[11:45:25.920][info] [#0:script/workspace/loading.lua:101]: Preload file at: file:///Users/rodrigogarcia/.local/share/nvim/lazy/lazy.nvim/lua/lazy/manage/task/fs.lua , size = 0.740 KB
[11:45:25.921][info] [#0:script/workspace/loading.lua:113]: ++++As library of:	file:///Users/rodrigogarcia/.local/share/nvim/lazy/lazy.nvim/lua/lazy
[11:45:25.921][info] [#0:script/workspace/loading.lua:98]: Skip loaded file: file:///Users/rodrigogarcia/.local/share/nvim/lazy/lazy.nvim/lua/lazy/manage/task/plugin.lua
[11:45:25.921][info] [#0:script/workspace/loading.lua:98]: Skip loaded file: file:///Users/rodrigogarcia/.local/share/nvim/lazy/lazy.nvim/lua/lazy/manage/task/fs.lua
[11:45:25.921][info] [#0:script/workspace/loading.lua:101]: Preload file at: file:///Users/rodrigogarcia/.local/share/nvim/lazy/lazy.nvim/lua/lazy/manage/semver.lua , size = 4.409 KB
[11:45:25.924][info] [#0:script/workspace/loading.lua:113]: ++++As library of:	file:///Users/rodrigogarcia/.local/share/nvim/lazy/lazy.nvim/lua/lazy
[11:45:25.924][info] [#0:script/workspace/loading.lua:98]: Skip loaded file: file:///Users/rodrigogarcia/.local/share/nvim/lazy/lazy.nvim/lua/lazy/manage/semver.lua
[11:45:25.924][info] [#0:script/workspace/loading.lua:101]: Preload file at: file:///Users/rodrigogarcia/.local/share/nvim/lazy/lazy.nvim/lua/lazy/manage/runner.lua , size = 4.358 KB
[11:45:25.926][info] [#0:script/workspace/loading.lua:113]: ++++As library of:	file:///Users/rodrigogarcia/.local/share/nvim/lazy/lazy.nvim/lua/lazy
[11:45:25.926][info] [#0:script/workspace/loading.lua:98]: Skip loaded file: file:///Users/rodrigogarcia/.local/share/nvim/lazy/lazy.nvim/lua/lazy/manage/runner.lua
[11:45:25.926][info] [#0:script/workspace/loading.lua:101]: Preload file at: file:///Users/rodrigogarcia/.local/share/nvim/lazy/lazy.nvim/lua/lazy/manage/process.lua , size = 3.989 KB
[11:45:25.928][info] [#0:script/workspace/loading.lua:113]: ++++As library of:	file:///Users/rodrigogarcia/.local/share/nvim/lazy/lazy.nvim/lua/lazy
[11:45:25.928][info] [#0:script/workspace/loading.lua:98]: Skip loaded file: file:///Users/rodrigogarcia/.local/share/nvim/lazy/lazy.nvim/lua/lazy/manage/process.lua
[11:45:25.928][info] [#0:script/workspace/loading.lua:101]: Preload file at: file:///Users/rodrigogarcia/.local/share/nvim/lazy/lazy.nvim/lua/lazy/types.lua , size = 3.229 KB
[11:45:25.930][info] [#0:script/workspace/loading.lua:113]: ++++As library of:	file:///Users/rodrigogarcia/.local/share/nvim/lazy/lazy.nvim/lua/lazy
[11:45:25.930][info] [#0:script/workspace/loading.lua:98]: Skip loaded file: file:///Users/rodrigogarcia/.local/share/nvim/lazy/lazy.nvim/lua/lazy/types.lua
[11:45:25.930][info] [#0:script/workspace/loading.lua:101]: Preload file at: file:///Users/rodrigogarcia/.local/share/nvim/lazy/lazy.nvim/lua/lazy/util.lua , size = 5.759 KB
[11:45:25.933][info] [#0:script/workspace/loading.lua:113]: ++++As library of:	file:///Users/rodrigogarcia/.local/share/nvim/lazy/lazy.nvim/lua/lazy
[11:45:25.933][info] [#0:script/workspace/loading.lua:98]: Skip loaded file: file:///Users/rodrigogarcia/.local/share/nvim/lazy/lazy.nvim/lua/lazy/util.lua
[11:45:25.933][info] [#0:script/workspace/loading.lua:101]: Preload file at: file:///Users/rodrigogarcia/.local/share/nvim/lazy/lazy.nvim/lua/lazy/example.lua , size = 2.643 KB
[11:45:25.934][info] [#0:script/workspace/loading.lua:113]: ++++As library of:	file:///Users/rodrigogarcia/.local/share/nvim/lazy/lazy.nvim/lua/lazy
[11:45:25.934][info] [#0:script/workspace/loading.lua:89]: Skip loaded file: file:///Users/rodrigogarcia/.local/share/nvim/lazy/lazy.nvim/lua/lazy/example.lua
[11:45:25.934][info] [#0:script/workspace/loading.lua:113]: ++++As library of:	file:///Users/rodrigogarcia/.local/share/nvim/lazy/lazy.nvim/lua/lazy
[11:45:25.934][info] [#0:script/workspace/loading.lua:173]: Loaded files takes [0.486] sec: <fallback>
[11:45:25.934][info] [#0:script/workspace/loading.lua:182]: Compile files takes [0.000] sec: <fallback>
[11:45:25.934][info] [#0:script/workspace/loading.lua:183]: Loaded finish:	<fallback>
[11:45:25.934][info] [#0:script/workspace/workspace.lua:379]: Preload finish at:	<fallback>
[11:45:25.953][warn] [#0:script/proto/proto.lua:187]: Method [textDocument/didOpen] takes [0.514]sec. {
  jsonrpc = "2.0",
  method = "textDocument/didOpen",
  params = {
    textDocument = {
      languageId = "lua",
      text = '"***"',
      uri = "file:///Users/rodrigogarcia/.local/share/chezmoi/private_dot_config/nvim/init.lua",
      version = 0
    }
  }
}
[11:45:25.953][info] [#0:script/workspace/loading.lua:89]: Skip loaded file: file:///Users/rodrigogarcia/.local/share/chezmoi/private_dot_config/nvim/lua/custom/plugins.lua
[11:45:26.059][info] [#0:script/workspace/loading.lua:101]: Preload file at: file:///Users/rodrigogarcia/.local/share/chezmoi/private_dot_config/nvim/lua/core/init.lua , size = 3.459 KB
[11:45:26.061][info] [#0:script/workspace/loading.lua:101]: Preload file at: file:///Users/rodrigogarcia/.local/share/chezmoi/private_dot_config/nvim/lua/core/bootstrap.lua , size = 1.806 KB
[11:45:26.062][info] [#0:script/workspace/loading.lua:101]: Preload file at: file:///Users/rodrigogarcia/.local/share/chezmoi/private_dot_config/nvim/lua/core/mappings.lua , size = 10.292 KB
[11:45:26.065][info] [#0:script/workspace/loading.lua:101]: Preload file at: file:///Users/rodrigogarcia/.local/share/chezmoi/private_dot_config/nvim/lua/core/utils.lua , size = 3.455 KB
[11:45:26.066][info] [#0:script/workspace/loading.lua:101]: Preload file at: file:///Users/rodrigogarcia/.local/share/chezmoi/private_dot_config/nvim/lua/plugins/init.lua , size = 7.239 KB
[11:45:26.068][info] [#0:script/workspace/loading.lua:101]: Preload file at: file:///Users/rodrigogarcia/.local/share/chezmoi/private_dot_config/nvim/lua/core/default_config.lua , size = 3.102 KB
[11:45:26.069][info] [#0:script/workspace/loading.lua:101]: Preload file at: file:///Users/rodrigogarcia/.local/share/chezmoi/private_dot_config/nvim/lua/plugins/configs/lspconfig.lua , size = 1.739 KB
[11:45:26.070][info] [#0:script/workspace/loading.lua:101]: Preload file at: file:///Users/rodrigogarcia/.local/share/chezmoi/private_dot_config/nvim/lua/plugins/configs/telescope.lua , size = 1.795 KB
[11:45:26.070][info] [#0:script/workspace/loading.lua:101]: Preload file at: file:///Users/rodrigogarcia/.local/share/chezmoi/private_dot_config/nvim/lua/plugins/configs/lazy_nvim.lua , size = 0.822 KB
[11:45:26.071][info] [#0:script/workspace/loading.lua:101]: Preload file at: file:///Users/rodrigogarcia/.local/share/chezmoi/private_dot_config/nvim/lua/plugins/configs/others.lua , size = 1.620 KB
[11:45:26.071][info] [#0:script/workspace/loading.lua:101]: Preload file at: file:///Users/rodrigogarcia/.local/share/chezmoi/private_dot_config/nvim/lua/plugins/configs/cmp.lua , size = 3.064 KB
[11:45:26.073][info] [#0:script/workspace/loading.lua:101]: Preload file at: file:///Users/rodrigogarcia/.local/share/chezmoi/private_dot_config/nvim/lua/plugins/configs/nvimtree.lua , size = 1.479 KB
[11:45:26.073][info] [#0:script/workspace/loading.lua:101]: Preload file at: file:///Users/rodrigogarcia/.local/share/chezmoi/private_dot_config/nvim/lua/plugins/configs/mason.lua , size = 0.581 KB
[11:45:26.073][info] [#0:script/workspace/loading.lua:101]: Preload file at: file:///Users/rodrigogarcia/.local/share/chezmoi/private_dot_config/nvim/lua/custom/init.lua , size = 0.243 KB
[11:45:26.074][info] [#0:script/workspace/loading.lua:101]: Preload file at: file:///Users/rodrigogarcia/.local/share/chezmoi/private_dot_config/nvim/lua/plugins/configs/treesitter.lua , size = 0.165 KB
[11:45:26.074][info] [#0:script/workspace/loading.lua:101]: Preload file at: file:///Users/rodrigogarcia/.local/share/chezmoi/private_dot_config/nvim/lua/custom/chadrc.lua , size = 0.103 KB
[11:45:26.158][info] [#0:script/workspace/loading.lua:173]: Loaded files takes [0.602] sec: file:///Users/rodrigogarcia/.local/share/chezmoi/private_dot_config/nvim/lua/
[11:45:26.158][info] [#0:script/workspace/loading.lua:182]: Compile files takes [0.000] sec: file:///Users/rodrigogarcia/.local/share/chezmoi/private_dot_config/nvim/lua/
[11:45:26.158][info] [#0:script/workspace/loading.lua:183]: Loaded finish:	file:///Users/rodrigogarcia/.local/share/chezmoi/private_dot_config/nvim/lua/
[11:45:26.158][info] [#0:script/workspace/workspace.lua:379]: Preload finish at:	file:///Users/rodrigogarcia/.local/share/chezmoi/private_dot_config/nvim/lua/
[11:45:26.174][info] [#0:script/provider/diagnostic.lua:557]: Diagnostics scope [file:///Users/rodrigogarcia/.local/share/chezmoi/private_dot_config/nvim/lua/], files count:[126]
[11:45:26.175][warn] [#0:script/proto/proto.lua:187]: Method [textDocument/didOpen] takes [0.681]sec. {
  jsonrpc = "2.0",
  method = "textDocument/didOpen",
  params = {
    textDocument = {
      languageId = "lua",
      text = '"***"',
      uri = "file:///Users/rodrigogarcia/.local/share/chezmoi/private_dot_config/nvim/lua/custom/plugins.lua",
      version = 0
    }
  }
}
[11:45:26.659][info] [#0:script/provider/diagnostic.lua:574]: Diagnostics scope [file:///Users/rodrigogarcia/.local/share/chezmoi/private_dot_config/nvim/lua/] finished, takes [0.478] sec.
[11:55:24.945][info] [#0:script/service/service.lua:144]: 
========= Medical Examination Report =========
    --------------- Memory ---------------
        Total: 72.189 MB
        # 00 : 71.753 MB
        # 01 : 0.052 MB
        # 02 : 0.052 MB
        # 03 : 0.172 MB
        # 04 : 0.159 MB
    --------------- Coroutine ---------------
        Total:     271
        Running:   0
        Suspended: 0
        Normal:    0
        Dead:      271
    --------------- Cache ---------------
        Total: 1
        Dead:  0
    ---------------  RPC  ---------------
        Holdon:   0
        Waiting:  0
==============================================
[12:05:24.992][info] [#0:script/service/service.lua:144]: 
========= Medical Examination Report =========
    --------------- Memory ---------------
        Total: 73.022 MB
        # 00 : 72.586 MB
        # 01 : 0.052 MB
        # 02 : 0.052 MB
        # 03 : 0.172 MB
        # 04 : 0.159 MB
    --------------- Coroutine ---------------
        Total:     271
        Running:   0
        Suspended: 0
        Normal:    0
        Dead:      271
    --------------- Cache ---------------
        Total: 1
        Dead:  0
    ---------------  RPC  ---------------
        Holdon:   0
        Waiting:  0
==============================================
[12:15:25.071][info] [#0:script/service/service.lua:144]: 
========= Medical Examination Report =========
    --------------- Memory ---------------
        Total: 73.850 MB
        # 00 : 73.414 MB
        # 01 : 0.052 MB
        # 02 : 0.052 MB
        # 03 : 0.172 MB
        # 04 : 0.159 MB
    --------------- Coroutine ---------------
        Total:     271
        Running:   0
        Suspended: 0
        Normal:    0
        Dead:      271
    --------------- Cache ---------------
        Total: 1
        Dead:  0
    ---------------  RPC  ---------------
        Holdon:   0
        Waiting:  0
==============================================
[12:25:25.475][info] [#0:script/service/service.lua:144]: 
========= Medical Examination Report =========
    --------------- Memory ---------------
        Total: 74.683 MB
        # 00 : 74.247 MB
        # 01 : 0.052 MB
        # 02 : 0.052 MB
        # 03 : 0.172 MB
        # 04 : 0.159 MB
    --------------- Coroutine ---------------
        Total:     271
        Running:   0
        Suspended: 0
        Normal:    0
        Dead:      271
    --------------- Cache ---------------
        Total: 1
        Dead:  0
    ---------------  RPC  ---------------
        Holdon:   0
        Waiting:  0
==============================================
[12:35:25.549][info] [#0:script/service/service.lua:144]: 
========= Medical Examination Report =========
    --------------- Memory ---------------
        Total: 75.515 MB
        # 00 : 75.079 MB
        # 01 : 0.052 MB
        # 02 : 0.052 MB
        # 03 : 0.172 MB
        # 04 : 0.159 MB
    --------------- Coroutine ---------------
        Total:     271
        Running:   0
        Suspended: 0
        Normal:    0
        Dead:      271
    --------------- Cache ---------------
        Total: 1
        Dead:  0
    ---------------  RPC  ---------------
        Holdon:   0
        Waiting:  0
==============================================
[12:45:25.755][info] [#0:script/service/service.lua:144]: 
========= Medical Examination Report =========
    --------------- Memory ---------------
        Total: 76.348 MB
        # 00 : 75.912 MB
        # 01 : 0.052 MB
        # 02 : 0.052 MB
        # 03 : 0.172 MB
        # 04 : 0.159 MB
    --------------- Coroutine ---------------
        Total:     271
        Running:   0
        Suspended: 0
        Normal:    0
        Dead:      271
    --------------- Cache ---------------
        Total: 1
        Dead:  0
    ---------------  RPC  ---------------
        Holdon:   0
        Waiting:  0
==============================================
[12:55:25.764][info] [#0:script/service/service.lua:144]: 
========= Medical Examination Report =========
    --------------- Memory ---------------
        Total: 77.177 MB
        # 00 : 76.741 MB
        # 01 : 0.052 MB
        # 02 : 0.052 MB
        # 03 : 0.172 MB
        # 04 : 0.159 MB
    --------------- Coroutine ---------------
        Total:     271
        Running:   0
        Suspended: 0
        Normal:    0
        Dead:      271
    --------------- Cache ---------------
        Total: 1
        Dead:  0
    ---------------  RPC  ---------------
        Holdon:   0
        Waiting:  0
==============================================
[13:05:25.773][info] [#0:script/service/service.lua:144]: 
========= Medical Examination Report =========
    --------------- Memory ---------------
        Total: 78.007 MB
        # 00 : 77.571 MB
        # 01 : 0.052 MB
        # 02 : 0.052 MB
        # 03 : 0.172 MB
        # 04 : 0.159 MB
    --------------- Coroutine ---------------
        Total:     271
        Running:   0
        Suspended: 0
        Normal:    0
        Dead:      271
    --------------- Cache ---------------
        Total: 1
        Dead:  0
    ---------------  RPC  ---------------
        Holdon:   0
        Waiting:  0
==============================================
[13:15:25.798][info] [#0:script/service/service.lua:144]: 
========= Medical Examination Report =========
    --------------- Memory ---------------
        Total: 78.835 MB
        # 00 : 78.399 MB
        # 01 : 0.052 MB
        # 02 : 0.052 MB
        # 03 : 0.172 MB
        # 04 : 0.159 MB
    --------------- Coroutine ---------------
        Total:     271
        Running:   0
        Suspended: 0
        Normal:    0
        Dead:      271
    --------------- Cache ---------------
        Total: 1
        Dead:  0
    ---------------  RPC  ---------------
        Holdon:   0
        Waiting:  0
==============================================
[13:25:26.440][info] [#0:script/service/service.lua:144]: 
========= Medical Examination Report =========
    --------------- Memory ---------------
        Total: 79.667 MB
        # 00 : 79.232 MB
        # 01 : 0.052 MB
        # 02 : 0.052 MB
        # 03 : 0.172 MB
        # 04 : 0.159 MB
    --------------- Coroutine ---------------
        Total:     271
        Running:   0
        Suspended: 0
        Normal:    0
        Dead:      271
    --------------- Cache ---------------
        Total: 1
        Dead:  0
    ---------------  RPC  ---------------
        Holdon:   0
        Waiting:  0
==============================================
[13:35:26.527][info] [#0:script/service/service.lua:144]: 
========= Medical Examination Report =========
    --------------- Memory ---------------
        Total: 80.500 MB
        # 00 : 80.064 MB
        # 01 : 0.052 MB
        # 02 : 0.052 MB
        # 03 : 0.172 MB
        # 04 : 0.159 MB
    --------------- Coroutine ---------------
        Total:     271
        Running:   0
        Suspended: 0
        Normal:    0
        Dead:      271
    --------------- Cache ---------------
        Total: 1
        Dead:  0
    ---------------  RPC  ---------------
        Holdon:   0
        Waiting:  0
==============================================
